3 167 277 238
3 0 53 205
3 234 166 199
3 221 32 112
3 36 213 98
3 168 29 20
3 296 188 35
3 65 232 255
3 216 96 266
3 108 214 219
3 180 284 264
3 179 102 78
3 34 174 181
3 99 128 250
3 116 172 51
3 164 222 292
3 33 146 55
3 87 28 31
3 184 241 265
3 275 40 223
3 85 204 196
3 41 282 115
3 54 217 155
3 110 64 289
3 249 244 280
3 7 202 182
3 72 14 106
3 75 185 192
3 103 122 242
3 4 121 142
3 88 239 145
3 134 268 67
3 80 68 66
3 286 254 152
3 294 26 104
3 8 50 12
3 299 157 141
3 24 82 176
3 148 295 59
3 212 158 17
3 246 86 71
3 210 236 43
3 161 191 154
3 133 111 252
3 159 3 228
3 162 207 215
3 62 271 100
3 127 243 251
3 203 209 120
3 13 253 297
3 136 27 30
3 259 170 126
3 260 11 206
3 58 117 231
3 193 61 288
3 220 163 262
3 92 258 279
3 95 298 186
3 276 177 47
3 227 109 229
3 290 89 256
3 137 160 270
3 218 23 194
3 273 195 97
3 15 197 37
3 56 22 240
3 105 147 233
3 107 237 143
3 171 73 46
3 225 114 123
3 144 48 189
3 74 140 135
3 263 25 278
3 18 6 178
3 150 190 69
3 187 76 1
3 60 269 94
3 38 42 272
3 44 93 84
3 261 101 49
3 125 283 9
3 198 131 211
3 285 90 52
3 200 10 208
3 156 287 151
3 19 70 293
3 129 235 153
3 267 81 77
3 63 118 173
3 57 5 247
3 113 119 169
3 79 83 165
3 21 124 149
3 224 291 257
3 91 138 274
3 281 248 132
3 245 45 130
3 39 16 175
3 230 139 183
3 226 201 2
