26 1066 7435 513 665 507 4958 2527 2415 6041 4248 4121 2109 467 6977 3577 7238 2028 4304 8781 4422 6535 8142 7350 2951 3903 5020
25 88 7270 4154 3319 1686 380 4879 2121 2272 1428 5004 2956 4852 1786 735 2403 2803 8537 6929 3219 1398 8602 7165 7069 144
25 4525 3249 5517 1260 4245 3647 4089 1193 402 6064 9758 7650 6102 7385 6755 1067 8231 5085 1607 4391 7015 8636 5896 5886 9359
25 5335 9405 6155 9586 3740 9579 396 4638 1282 3556 5583 9113 771 322 2215 9565 6463 7264 1858 1555 8913 8797 12 2286 4047
26 677 8149 608 3921 3879 2930 546 7764 163 2769 3550 9716 8576 6679 2995 124 2496 2124 6092 664 4375 5806 5413 4641 9831 3638
25 6466 2296 530 1580 3594 5913 9062 6377 137 5480 9754 8745 7331 3916 3538 4945 6623 1238 3941 3020 9921 5895 6051 1472 2818
25 2920 6044 5369 666 211 8353 1859 4853 2248 5473 3907 1047 2364 1885 1650 7890 7247 2428 6049 5246 5960 5580 2113 9560 9910
26 8175 4586 4164 8410 1973 5287 553 2174 5878 5353 624 5704 731 4715 5747 9204 9093 8466 8756 3175 5831 5322 1060 7311 9334 7173
25 2519 1384 2118 9680 5107 127 3261 8296 6106 3278 5083 991 1629 1132 7616 815 8443 2201 3094 6499 4934 6950 9360 9461 5944
26 7475 1438 8328 2649 7193 7041 674 6121 3765 4426 527 3053 7130 2197 4025 2524 6320 6564 2727 4183 6411 4226 3035 5973 5547 8154
26 4094 3197 7638 8133 8155 8298 3181 4866 1292 1255 4473 5171 6830 7365 4289 7925 8305 8287 1360 9931 4161 6317 7026 6676 1087 7441
26 6002 1838 8447 1233 3370 1441 1985 3429 7080 202 6939 9643 4535 9086 9730 114 4118 7233 7623 3268 79 7416 3529 8581 8701 4955
26 4839 3276 7406 332 6729 6078 9809 1048 5907 484 8400 9026 2144 7099 2552 632 1214 4612 8497 3297 1374 1213 6035 7742 5280 4120
26 7965 2738 4661 3938 9419 9127 9357 2547 8026 9790 2021 1023 9072 4000 1485 8927 158 3109 3456 2853 2080 5942 4731 3264 9834 5586
25 2432 5213 6239 8670 7732 4344 9228 5941 7749 6779 7021 2978 3331 996 9755 1578 2101 6835 8818 6468 5489 6527 1546 2926 6185
25 2465 9046 9495 6245 6615 7477 7468 4449 9192 5247 7842 1041 7549 9416 1477 2655 7030 3209 3206 1542 1285 5044 5937 1290 4750
25 5018 4948 8786 6413 5656 595 9070 9077 1598 9983 93 4845 7016 201 851 1717 5761 7972 548 6355 2450 8849 3652 6322 1359
26 4008 1170 9813 6021 9610 348 2857 6179 862 9574 1756 7879 8361 3511 1449 3599 5496 3096 6084 2962 6872 2747 7951 1488 2227 2208
25 5497 567 9267 3605 8955 9035 6359 1297 5372 5305 2345 3323 7582 1463 972 478 858 1880 784 5423 1144 3797 6958 8622 3664
24 5970 6662 3865 6842 6321 8595 7239 4532 2601 2736 9231 8344 7285 450 8241 7408 558 5820 5975 1849 5513 5342 6585 7783
26 8310 1637 965 780 9613 5562 6630 3829 1541 4654 4044 4770 4188 3813 9929 8196 8162 5418 651 2131 3745 2064 2287 7985 6257 6111
26 2735 6139 6307 6186 9681 5043 4227 4397 8659 3436 1767 8166 7734 1371 1535 3590 2162 9663 5081 2223 6417 6960 4052 790 7714 6870
26 4309 1794 2511 7323 8368 159 4699 6367 9420 8027 9023 9706 1116 4694 2485 8045 2466 7667 2510 345 8702 1658 8877 9024 3892 7093
25 6689 8029 8578 5621 3477 8167 7066 2023 1960 6292 3065 6505 9651 7635 6126 2459 5286 7909 9760 1380 1202 4134 2806 685 8350
25 2571 4679 4815 1777 4986 3770 5844 1299 6253 3948 2063 9044 589 9597 6515 6980 3431 6354 7589 1739 197 9781 6434 4160 1150
25 1209 4873 2523 5626 832 3232 9928 1259 9238 9038 582 5786 7383 872 487 1151 7550 9115 1675 8053 8454 4469 6845 2608 4281
25 7463 8484 5049 6128 3701 633 5279 6156 1051 6301 8649 3893 5184 6823 1538 4082 5950 6690 3341 9426 1112 8369 1147 7772 295
26 187 8630 5006 7108 1977 7135 1422 2885 9319 3772 3593 4789 9780 8247 8335 3481 5215 3953 4943 6489 3488 1726 5659 3863 5376 1114
26 4377 5227 3104 2856 1106 6076 1725 1912 4282 5041 736 4365 149 1493 8427 6224 8172 9081 7421 630 1280 2886 8982 9451 3559 976
25 6783 5245 2198 5892 7208 2473 7762 6746 2751 8017 9490 9186 694 6264 6372 1329 5938 5010 2849 1184 8238 1731 6782 840 8119
25 5440 6913 8978 2245 3116 2209 4213 8214 1529 7149 11 9376 4632 3195 6175 7652 3725 9662 3309 2488 3460 5573 5753 8612 4319
26 1900 4583 8370 448 7380 4017 7456 3621 9106 2089 543 239 2950 8689 9866 5905 1155 5327 3800 2481 6520 3627 7183 9507 424 3825
25 672 6404 8832 3654 8191 2979 3896 9252 7926 4562 405 6829 9943 2237 6385 5706 6310 564 5236 8364 8422 5581 5652 9803 4622
26 9707 7612 7975 6069 330 6380 1168 9073 6197 6857 9321 8169 2851 619 3960 220 1780 3440 588 3084 8100 8657 5077 3400 5666 5108
26 5299 2324 5890 6742 7211 7479 5045 3895 1979 8099 3135 2532 3796 701 5687 3917 6555 5916 9491 5338 8145 2815 3676 6080 3724 3346
25 9313 1105 4848 1963 6402 2076 7576 8533 4014 2212 7560 257 4898 974 2285 3018 9367 8900 367 9373 1219 9493 9095 5449 4042
25 9393 1605 7768 8803 7492 5724 691 7271 5959 1911 924 6083 3406 1037 6431 8170 7212 8315 7144 4751 2177 1940 797 9317 1547
26 1335 4475 9469 4720 9064 9889 6237 9950 8446 2034 695 2159 3235 3628 7302 6588 9050 2127 1483 8036 2136 8095 3417 2656 8185 626
25 3156 3918 3786 4826 2409 8151 9833 4965 7407 6157 8976 306 9152 9275 1187 2419 6144 673 4926 4179 1133 2598 2679 7522 5471
25 3629 1269 9944 7867 2952 1250 9408 967 5040 1464 6810 592 9346 2186 5326 6560 110 7023 1039 5822 5251 2671 9129 8083 6603
26 9976 1407 9282 533 922 9242 3165 1302 6386 9987 2051 7781 8669 7098 7958 4210 6351 4081 750 2625 8223 6007 2253 4883 6210 6221
26 3607 3294 206 6425 611 7162 990 2043 9208 793 7701 2175 7403 9930 1889 4395 2676 5546 3716 8880 7878 791 4905 4554 8374 8543
25 9752 6607 4196 9951 5187 3608 2110 5219 5188 8007 9534 3222 6604 4915 5789 3823 4051 7747 4436 143 8999 1680 7991 8008 3975
25 1757 1372 9627 6316 4409 8188 3193 8953 808 2444 1834 6187 243 183 3525 5589 9839 2195 5775 4447 7369 6693 1074 758 5029
26 2949 3008 4665 7557 9712 8228 5193 542 2086 6389 9333 1130 7177 8881 4560 198 8734 2579 6100 123 3415 3128 9960 6881 472 2117
26 6670 3005 6192 4410 4544 7856 2706 4834 365 538 618 7538 7860 6803 5456 5863 9053 6295 4627 4676 5928 389 5138 7906 5508 142
25 1315 190 5554 2992 9538 5690 6491 1476 6987 8904 852 9249 9462 6033 4322 4370 4708 1103 9253 9953 6335 927 9120 5071 1722
26 1543 3579 7224 5888 9289 4930 7643 4163 9849 8244 8460 9225 6042 6483 7982 7299 2232 2889 5509 6792 1336 7052 5599 9782 7899 3737
25 2135 7687 1697 2384 2551 6132 4415 2025 8373 7262 3137 9460 5220 9725 1596 9966 1657 3678 9124 6097 955 5688 4531 7432 7713
26 3869 1879 8462 8766 2927 3784 9731 7770 3044 6775 6240 7626 2190 6332 4165 1183 6600 1107 6624 4672 1426 5894 8168 1998 3286 3643
26 7928 2233 6053 7172 3663 9165 7837 2054 7078 9644 6982 614 6846 4619 8887 6572 4837 3822 4462 7694 5750 3140 4310 7524 9558 2163
25 8292 9449 3490 935 7692 6407 4270 9911 7872 2636 6312 6733 2632 9233 1316 7675 5363 5103 2083 7279 2689 8891 316 6365 994
25 4742 1609 4635 3058 9179 3970 9964 8510 8901 1592 1399 9366 3973 7802 703 5181 8885 4671 312 7485 2307 7618 3304 6514 7375
25 7005 3527 6450 5712 4405 9276 8984 3946 5064 8895 2959 517 3760 7962 6847 344 6229 1615 6760 9051 8386 341 1544 432 5682
25 303 5218 7927 6352 6705 8804 821 3499 1466 3963 4106 4093 1450 5396 1671 7728 3927 1844 8561 1390 6817 8139 6627 2238 6016
26 7429 5808 874 7085 7662 559 9975 4819 2796 5527 9407 2960 6891 9456 4144 7893 8041 1440 6640 522 5935 349 6019 4779 5819 4662
26 423 817 3910 3554 8348 7916 3646 9526 8416 4125 2504 6858 2017 9318 6376 4001 4362 346 7775 446 9622 9048 8452 8308 8087 464
25 9847 5615 8073 933 8187 2665 3785 7234 1470 9299 8291 4235 9763 9828 7032 2199 7670 8634 5066 5842 265 1619 2423 1892 2441
26 4601 7156 9012 3565 3537 2653 7729 2107 2907 6519 5389 8811 7094 2834 3908 3881 7306 5772 5144 526 5972 1991 4611 1454 4911 8850
26 1305 477 6756 5816 4035 2661 8909 6161 6751 3432 2670 728 4430 5384 8039 7504 1401 4999 6766 5624 4774 8836 9196 6212 6458 2627
25 84 3236 5205 1550 2060 873 9232 6426 8843 9607 4204 6574 6707 8246 8896 1678 2615 6072 4797 1437 9260 1403 4393 8939 9517
26 6822 7287 200 6710 761 8116 115 1872 2264 3031 4457 8475 3262 964 3448 868 4341 3884 4037 8635 6195 7039 8371 3518 1962 6127
25 1560 1773 409 4869 6196 708 5169 2972 1638 5380 5664 4070 7125 6945 668 8318 829 9468 5740 9719 7859 3715 3780 6266 9374
25 837 7398 3129 7683 169 3291 5994 4594 7305 6605 6165 7368 9863 3738 5128 2183 4030 4240 885 5354 5787 6373 6959 6073 6919
26 8640 7889 5535 5620 6538 2044 7301 2842 8511 7006 3356 2923 8299 4681 9572 8016 3926 2416 7835 5325 3280 8683 5362 9220 795 2840
26 2356 1228 4630 9353 9819 7777 7761 7724 280 8136 6366 7024 7788 5157 4974 8392 2763 4192 5965 5641 9692 1669 2196 5661 6271 5841
25 1097 696 1563 4666 751 930 3609 8505 550 8815 1819 6774 547 875 4925 9732 3649 3831 8356 1795 2734 7489 443 757 8710
26 1515 3409 7648 1503 9182 4593 2011 7150 7857 9157 9722 2561 242 6590 4102 8930 3517 7979 418 4294 3837 4530 3080 1633 3679 9536
25 4078 2589 9559 7737 6357 2385 4398 6909 9441 4221 4608 1387 7260 7063 8583 4765 3706 9174 5588 2758 1582 8861 2421 2200 7527
26 3253 3655 8198 172 6523 7448 2072 1532 6566 1448 357 1073 2431 742 2389 2085 1498 1268 7828 2807 7290 6844 9446 5977 5848 4241
25 6412 7993 8573 1386 3051 7347 1160 388 5481 6235 3201 6552 2068 7327 331 3888 3087 5414 6516 3744 9824 6015 9494 4818 8019
25 6263 6123 8309 4404 6985 2176 5382 1820 9324 9508 8748 4198 8969 6014 7388 1423 1432 62 1172 9891 7676 7297 8249 8690 6613
26 3580 6329 1869 9871 5642 9195 5702 6268 6056 4711 4851 663 5072 9629 8280 2816 5109 1712 1333 3040 4413 1636 3310 2794 231 4124
25 9003 8425 9805 8219 3789 4854 5861 1429 4111 1143 5958 153 686 2284 8844 743 3164 1574 943 7359 60 8943 8279 9146 3043
25 7657 311 1421 8796 5495 6133 7555 2192 7120 5306 6452 6655 9877 1750 9801 4771 5574 3183 9745 7544 2643 637 5388 2698 9227
25 3817 6135 8184 5756 5135 6374 2558 979 1561 8551 1402 276 4597 9447 3332 3389 6276 1063 7827 3324 5932 1288 7409 2449 5629
26 519 8458 3773 8419 6119 2119 1864 1660 6437 7680 282 7819 1072 6777 1696 9664 8215 5643 1821 5151 7083 5846 9061 3543 590 8377
26 3090 3575 9255 9575 100 9604 8220 6243 6907 1871 2931 7363 173 5019 814 3684 5164 8839 9088 2372 6343 9280 1295 535 1226 3289
25 7956 5387 203 984 704 7134 4828 5256 8450 4533 4590 4382 3352 1164 8121 5119 8632 7033 2795 4474 9434 4471 6521 5900 9472
26 9619 9090 2642 1491 5422 4713 5100 7915 9694 3079 3216 7062 4464 6948 8473 3659 6937 7845 8032 323 9746 8589 2730 6533 1082 3617
26 5192 4781 1010 9654 4659 5713 2543 8996 7176 2863 9139 4979 3145 5475 8584 8286 8944 8065 7367 3552 4180 9555 9484 579 3586 240
26 3442 3826 1955 8093 1884 9158 1768 3624 1188 4802 4899 6105 2644 4614 8829 7973 8805 8365 3048 8180 1173 7938 4785 5455 391 8069
25 2720 109 3317 1500 9872 1778 9952 8638 4496 9459 5284 8129 6923 6758 4817 888 931 3852 9615 145 4269 8648 7138 9918 9329
26 8518 3596 5214 2934 671 9564 8300 6067 7920 8963 639 3009 1435 6149 941 7333 3355 5392 5126 3600 3143 6482 9793 1115 1887 1212
26 9514 4387 3092 57 6652 1487 6597 2867 1791 285 5464 6522 5274 5271 1672 5132 8704 4381 631 4972 6358 4995 2606 5312 7758 7986
25 2009 2641 9504 4836 7438 3622 193 8871 8620 4625 8524 5391 7551 3013 1124 5807 7970 1764 2574 5469 8867 7801 749 8163 9520
26 1992 8262 2401 4376 3038 5082 7558 9652 3509 1433 576 3150 4265 3413 9293 1990 7930 3642 7038 6954 9309 4795 3677 2329 6241 5859
25 4090 6794 8892 9549 1910 6009 2368 3851 2234 7609 5417 1246 6397 8495 9969 2239 681 848 7511 7519 9439 3702 4735 2090 2669
25 5868 8557 2455 9562 2997 64 4552 4293 4642 6114 4340 8933 5734 7520 9594 8668 4822 5802 5903 362 2604 4354 5889 7002 9673
25 6277 4877 9965 5307 3054 2578 8869 5323 1639 8293 7645 238 1597 5561 2936 5035 5945 7506 4142 5979 6287 901 9383 8994 6152
25 7861 7913 168 1684 6648 3098 9641 5684 6921 2438 5715 3473 9697 7075 8776 8623 9161 9398 4596 7523 810 8216 6151 1137 4158
25 1273 4260 4084 8991 4372 8378 1455 2898 8444 819 5314 7757 4647 104 8676 5149 132 2575 3243 8894 49 8174 9749 6384 4348
25 7399 9347 5771 290 92 7263 649 7275 4921 9810 6678 6495 545 7839 420 6054 5936 571 5800 2067 3872 7717 5811 5604 7393
24 606 1630 1527 4088 2323 7665 4355 3862 2622 7444 6908 4259 7076 8306 2911 4887 6668 9098 5337 2391 5435 4325 8000 5334
25 7499 1323 3821 4228 378 7096 459 5632 7381 3610 5262 8616 1034 2749 6347 7753 4439 7304 3954 7481 2823 3983 1514 9993 2130
26 48 1406 41 3915 3453 3775 6163 9837 4114 9322 7394 8917 8143 8165 2739 6812 628 426 5671 4287 6074 6477 4197 5058 8517 2983
25 474 5948 3947 3199 2180 2852 2388 9992 3211 9240 1029 9019 8992 9674 1370 6791 570 1956 6887 6275 2976 4510 5737 7943 3386
25 3055 8024 8346 2235 7246 9265 7445 2948 7948 7940 6444 4993 7292 985 2646 7121 1829 6551 6976 5129 6302 2833 2152 6242 1439
26 2695 9402 6836 3885 4318 6989 9222 2565 3450 1897 8650 6542 385 8060 309 4334 4719 7199 8712 3063 4908 3734 317 898 1055 1410
25 5324 2944 5425 2036 3366 2673 3099 4236 4892 2191 6363 3299 2358 676 973 7622 2572 8985 2092 7204 8441 4968 3378 9940 6288
25 549 4984 481 6856 2470 403 3530 9082 6391 5039 4682 9554 5904 9870 2688 520 1916 4576 1156 5037 492 6349 2277 9214 3279
25 700 6457 720 5920 5069 1239 2602 5770 2829 6744 1320 6940 6608 154 7095 9699 5114 237 5079 3273 4994 913 4723 8674 3994
25 6815 7116 7546 5602 2000 4862 5400 847 7712 8911 8516 1145 9331 3521 4754 4176 6841 9728 6330 7317 6136 9567 4308 6433 8453
25 8731 7180 3866 9744 6293 881 886 3314 3761 5411 3936 1411 53 3920 2102 3382 9047 5755 1153 9875 2888 923 9909 5865 4592
25 4435 3540 8784 5240 6927 3418 7633 5764 3782 2645 2205 1516 1818 9848 9958 8002 5680 4678 5328 2472 307 3971 8508 4820 8337
25 5934 3651 3188 2635 7579 8412 1415 9074 1924 6821 6353 928 5778 5360 7917 5427 903 4271 8639 3814 4780 8195 6715 7537 1019
25 4379 6199 5636 2297 4205 3338 9505 8312 5519 3547 1501 4323 4218 7966 7322 3419 3711 1737 4229 8456 3914 7184 3522 1573 9770
25 4059 9935 9543 5511 4007 7278 8272 3691 8125 3570 680 5139 8549 3630 2712 760 6568 9453 6214 1362 3275 9296 1969 2709 8430
25 7070 7471 9806 9634 4652 6213 1098 5260 8662 3507 5864 3392 8841 6226 7741 6124 3806 4239 8255 479 6889 8402 5883 2289 7433
25 5445 1492 5721 3833 6601 5409 6172 883 4734 8830 5880 8049 7588 2311 6802 4505 5594 3900 6428 834 2114 7202 1408 4695 7111
25 5693 4414 1142 6475 7092 1509 6593 7113 9167 196 5472 3011 7453 4801 3376 1237 8084 1661 3934 8333 1825 5499 6088 4909 1510
25 568 4959 248 6392 2464 300 1620 7804 5062 5133 5385 1519 5577 4876 7584 1321 7910 6988 8655 9521 3287 6788 5647 7881 6834
25 9305 7114 128 98 1102 2654 2453 4677 2122 7898 6234 5216 8009 8432 1828 43 1554 9445 6867 3899 7484 2145 3224 5436 263
25 2247 7320 2566 2216 753 6346 8263 1338 7389 5670 8974 4547 3748 2560 1224 9591 8117 7765 8483 8608 4508 5749 7818 8865 9860
25 9084 7129 3068 3557 4953 6089 1458 3614 6904 2713 194 2129 1136 2274 6543 6225 1765 4385 5974 9528 8825 176 1000 4476 89
25 6663 1984 5025 6220 6638 6719 5310 509 9303 7647 518 1736 9798 7354 983 8907 9261 9756 9672 3504 8762 9601 8251 430 8178
25 769 2942 9078 4250 5601 1968 2406 9882 9141 3443 4777 4997 1342 9510 5007 4946 9285 1917 7358 5467 7423 3827 1064 6853 1247
25 4618 7862 3073 6503 1886 2924 4105 379 4981 4038 9292 5243 8763 8680 7345 1687 9588 6232 2744 2266 1086 2103 7600 2007 8113
25 2883 6493 3354 4202 660 8523 7805 9370 1392 3328 6728 6122 5002 4565 359 5165 5330 8570 6936 8418 204 6534 1312 4296 3857
25 713 3148 1995 782 5428 91 6737 8227 7194 3992 3213 4429 8283 116 8599 7003 5898 7736 6487 9808 4796 2836 2814 5230 4538
25 9679 9649 3541 4782 8112 8695 8164 377 1539 408 3776 7615 7735 2943 94 2405 7336 6095 3192 269 5985 5141 729 9811 8582
25 1867 8773 6547 7232 6896 9539 5356 890 1934 1319 9337 2414 1770 2351 1856 9315 5084 1703 4298 705 7869 3252 8959 2618 5254
25 2316 4428 3403 4482 1430 8785 9151 8014 1176 6708 366 1217 261 6754 7400 4419 1816 6553 1754 1987 3950 7073 2326 4185 20
25 4758 7020 502 6771 9130 3949 6279 9980 3231 6769 3141 9163 8532 5852 185 3713 5199 5505 642 7826 7307 937 9936 4446 2770
25 5424 5491 1276 830 4139 2745 2171 8667 3372 8688 7220 4588 6006 7605 6827 1457 6918 6852 4922 9914 7947 9336 7303 906 2848
25 8708 5358 2780 951 9832 9645 2128 6865 2366 9221 8470 384 9880 8115 8234 6860 2317 6075 504 324 2970 5926 4267 3838 5293
25 9563 7329 1804 483 4643 1453 1942 2921 4249 4675 9351 1753 5558 9835 2584 7439 6037 4737 3427 4545 6300 3492 1148 9878 9354
25 9409 1013 9045 8856 529 8190 8485 8401 1096 1123 4840 733 9436 6387 6129 1119 1623 270 5781 1127 9432 6311 7784 2502 962
25 5235 2714 4980 5668 1079 5170 2075 6850 6681 9230 5556 9541 9967 6859 525 6591 5498 3301 3944 9339 7509 4729 4424 1230 1088
25 6916 699 730 5477 572 7043 3952 5123 1568 5635 7651 3447 1525 4712 27 3805 2678 8472 5549 6892 7803 5345 7482 7678 5821
25 5860 4706 8382 596 8995 2404 8546 4884 4566 7148 6415 4190 4359 3283 1265 6511 174 4640 1076 6183 6285 3819 8563 3848 2273
25 1138 2166 5748 6634 8421 7595 3930 352 8562 6866 4073 1850 6854 9682 2500 162 9108 4527 460 7053 9814 5148 7154 679 4803
25 8477 3196 6410 6474 3502 6784 5087 9896 2607 8916 6772 5640 3747 7974 5614 1358 2820 3771 6383 2704 7705 9787 9609 6978 2845
25 9888 6658 5757 2967 6584 8938 369 833 7614 724 4688 1266 3300 5966 3000 2097 3764 1413 5912 8267 2830 6334 8232 2138 3589
25 2917 8302 8338 1723 531 1369 3133 4498 3854 9155 8767 9224 449 9506 6636 6736 6632 8558 1080 6796 5095 4230 56 2457 4338
25 3549 4546 1054 7226 5650 9684 2240 8945 929 1199 7132 6486 3674 5367 5611 2895 6395 2066 6369 2446 7597 8275 4901 1951 1805
25 4494 8209 3462 7442 5453 2802 5160 9226 7594 5692 5143 7090 7798 4528 7153 8972 2860 4306 1927 8908 9660 6631 7166 4 3458
25 6901 1512 442 9164 4914 2187 9812 1710 3561 3672 9779 1832 6008 8729 9748 4932 8417 6577 7495 9942 9294 491 2821 7001 7766
25 5086 4693 8040 1135 5815 2675 3228 8148 1709 6548 5537 859 5681 5524 7961 5261 404 9126 3189 6701 314 6070 2456 4483 4891
25 7957 2538 1218 950 6101 4400 2095 1248 1603 912 2935 5233 3010 2256 3935 4917 9695 2858 9094 9740 9223 8468 3571 6492 2724
25 4855 5113 8351 4613 6969 7730 3648 5567 8502 2375 1308 2854 9212 7273 4732 5257 2619 7139 1526 8964 6933 5051 1581 8396 7731
25 6695 9473 4502 9795 5267 6313 7227 636 7806 2154 5767 3086 9718 8013 7591 5430 7703 6964 4504 4616 9427 7035 9589 8941 3985
25 3307 7704 1524 266 986 6422 7604 544 9300 490 6861 6339 9091 6811 8672 2158 8771 7514 7308 6673 8919 1813 3113 3741 3408
25 7401 9052 7465 9625 6023 7535 8486 1008 2513 1771 122 8415 3159 3483 1167 1548 3834 8005 4707 7074 2301 5204 9637 8980 8527
25 5300 1593 9628 6000 3493 1494 4858 7903 8038 4559 9784 1310 3856 8107 1289 5196 1807 9352 8751 8837 5162 5065 4364 18 6113
25 273 3640 9144 3191 5799 415 9272 1330 2841 5210 8872 4168 2299 7871 539 7838 3506 2476 54 8132 3922 5224 4162 7042 9776
25 4071 2536 419 1201 8854 5838 6484 2184 5725 83 304 3277 1785 6286 2030 5980 6309 5528 919 1915 4610 2914 3987 2864 616
25 6381 6747 4421 9511 7994 3364 8800 7339 2246 6743 5658 6785 1926 5320 870 1666 2701 5403 1404 429 6107 3898 9198 1579 1652
25 3555 842 3991 3842 475 8324 9156 5451 7414 6713 740 2116 6061 6142 9431 7294 2029 2761 1520 7688 9338 9773 8260 3491 6795
25 6706 7198 4624 9557 1002 7010 3669 5782 4561 255 1283 1953 4804 8281 9312 9377 3774 7625 5969 1788 7606 4203 455 2677 5501
25 3444 5875 7249 1601 2825 9466 3675 9844 2910 7490 8775 2325 8127 7397 1806 3639 8757 5153 407 1507 2046 131 8082 8332 5398
25 4307 2357 5954 640 2937 8806 3657 9623 4019 2526 5023 6459 3230 1322 1446 8354 2331 6992 1798 4509 7888 5968 5825 1207 2897
25 9799 2079 1564 6984 4615 5366 7466 7143 9624 4330 6047 9185 4369 6318 5000 9055 7280 3131 8706 8423 6390 1683 3126 3719 998
25 117 4885 7637 3616 9457 3117 9284 4046 1810 1800 8793 9919 186 250 9153 7706 5078 1766 960 8114 5272 3671 7281 7017 3749
25 222 6110 2904 2570 6814 3290 3531 1069 1944 7178 6447 5730 6025 500 3076 3296 569 9310 9905 6440 410 4181 2321 7581 9569
25 5769 5743 6338 1508 3119 4366 7693 1799 1264 4669 9043 9542 3832 1945 6855 2974 3223 7607 5365 5461 5836 4753 5563 8156 737
25 2559 5818 9864 1111 8118 9948 462 4564 9968 2151 8755 2231 914 1171 3361 5832 5542 3937 3653 2624 5617 2554 8385 6364 9766
25 3855 8020 2539 5347 7253 1511 5899 5070 3905 2319 2506 9355 9894 4963 1606 8496 6554 7089 6723 1759 869 7008 8879 0 4865
25 7040 9128 1223 9450 2900 4034 294 2958 7334 9160 2268 1772 1058 3707 9422 9235 358 5873 8393 4022 3868 8411 9608 1522 9131
25 9675 9974 150 846 9949 9273 5962 9720 5608 9361 4060 2805 8284 8362 2757 9762 1243 717 5223 9606 2822 7343 8647 4220 5253
25 1776 4208 9696 1272 7759 141 3381 4773 6571 2614 5929 7353 801 6478 2462 8357 1083 3581 2188 3733 9999 5460 1958 9937 7795
25 3167 9685 8902 1326 2059 1565 5426 7045 5386 10 3470 3045 2611 3553 4155 2295 4900 1174 5015 7660 4392 2703 1195 3860 4156
25 4894 3208 5507 6739 2482 1181 7309 4062 6848 3592 4518 2990 6130 8438 5741 334 6759 2483 5752 2746 4896 602 8888 3858 6350
25 2576 3990 8224 511 354 2291 106 716 1203 3722 1747 6043 9269 5168 6131 8233 7443 925 8011 4859 5399 1497 1118 6470 7641
25 2061 2512 6202 5732 9037 1182 1700 1692 6443 7796 3714 4212 6798 1782 2873 621 5893 7780 8633 1185 6702 5845 762 1614 6997
25 4058 7104 457 7787 617 4063 5526 2568 7967 3121 9879 806 6763 6697 528 2699 5200 603 3558 6731 1128 6291 1287 4057 7733
25 6807 4223 9631 3114 2207 4717 7575 2548 6619 9150 800 9080 1469 738 8181 2471 6646 4680 1161 1490 3942 6148 82 1718 1134
25 8703 9852 3875 4830 5593 4450 3901 3466 9925 6085 1468 5552 8442 9423 5590 9119 9258 4427 3033 7681 648 7374 5798 406 820
25 961 3951 8157 4107 1245 1745 74 7493 6674 9994 1395 5032 6176 2573 4004 9096 5275 1131 4465 788 9771 5311 3390 3611 8718
25 3988 8376 7602 6550 3325 6698 4636 2330 4667 5176 5909 8343 8863 8317 9933 8720 3091 3794 9726 7261 1600 258 6968 3928 3588
24 372 8435 4829 2663 907 9381 8687 987 4472 3202 5140 9193 3437 2150 752 3060 3933 5454 7300 2925 8341 3265 8463 675
25 5716 8055 135 3270 3636 3169 2954 7422 8023 6290 4033 453 9927 305 2350 954 2801 1385 2929 3254 3274 8384 8596 6644 1929
25 920 627 9830 1729 992 5837 7769 5074 249 7164 6423 7286 8325 9363 5607 5288 3497 6894 5784 4288 3260 7953 2786 4018 4725
25 9325 9137 3830 318 225 1746 934 4353 5329 5999 1741 7046 5421 1165 2980 4748 1092 9236 5142 9005 9840 1129 5150 4479 136
25 7929 5744 1200 3026 6048 5088 5405 9054 6596 880 2859 6996 9148 3244 9389 7396 5530 5297 1462 4599 4967 1935 4752 3012 1923
25 6831 2838 8835 8079 9751 5241 1521 7794 2141 6699 8492 2994 6874 8314 8081 8399 6303 6935 5028 4646 712 3343 8138 3861 3207
25 4143 5112 3368 1628 7209 7171 711 2648 1831 8063 3 1781 5166 42 2913 9522 6661 8012 6592 3932 4556 7051 8948 8327 1418
25 1005 8699 5541 6454 6966 7642 9248 1790 8883 350 4582 5117 9821 28 7897 5203 8592 3658 8499 4284 746 7025 4811 818 2691
25 29 726 6265 8681 4485 4792 9963 8288 2901 8261 3449 4985 3152 7797 9039 2269 2918 8733 9343 4726 8501 9184 2961 6840 1318
25 24 789 7314 6430 6967 6589 9028 4784 2228 3574 6833 4992 4982 9862 8954 7060 9892 2146 8678 3835 6700 6177 7702 5854 2276
25 6115 6849 3510 8614 5228 2386 3434 1004 3476 5278 3404 863 8986 5258 8161 7536 4655 9279 1571 7213 1059 4324 4996 3712 9990
25 3371 3257 209 6703 9180 9570 6476 9553 6684 4096 5122 7402 2684 5984 6086 6938 5987 1099 7658 5676 7362 9642 6207 3185 9915
25 8395 6558 975 8772 1733 7716 867 2315 8481 6880 6983 3495 7418 6813 5186 4252 4598 6957 7756 4928 7214 5281 9764 3514 4846
25 6228 1024 7236 4705 8504 368 5550 1364 4453 9479 8431 473 3756 2433 6704 3587 3467 7473 8208 4743 7760 2583 9369 170 3618
25 585 7451 9890 977 1496 6399 2270 7014 5155 8819 9213 4903 5357 1286 9295 8905 7815 9924 8256 7338 5683 8666 8607 4140 2055
25 9283 6924 4299 2261 823 4300 715 9478 4011 3729 17 4032 3982 9688 1906 9982 8349 4169 9008 8684 6368 9486 9818 8898 6342
25 6961 5393 6765 8791 9429 4913 4491 7508 3007 7935 8334 4881 9162 7543 6077 9122 838 5331 2855 9519 6108 7655 5616 5931 3723
25 4346 7230 482 4137 4704 7118 5009 1348 2057 5486 8661 2546 5733 8258 9488 4650 4191 2591 5762 804 6090 9371 9650 6931 8054
25 5717 945 3105 4602 4481 993 3315 4244 9592 9513 4012 1905 6612 855 6628 2371 4425 9399 466 7902 2165 6032 6635 6481 5415
25 3103 6150 4673 1460 3721 1346 5557 2467 355 5073 9671 6513 7707 7328 9605 6869 4238 3998 6419 7955 7412 8929 3705 8278 4177
25 4842 1194 9636 5711 313 6251 6094 3735 3173 8289 126 3635 2087 223 1061 7258 8600 9509 2182 6065 4516 3923 7424 1758 9117
25 5341 7512 8440 6567 376 8101 2173 2766 4209 2498 2596 1277 361 4950 7960 2367 8914 5266 2562 5450 221 259 7112 3500 4374
25 9979 1860 7572 2167 9341 3102 3439 9438 5610 2737 9941 537 4442 8252 8889 1505 2387 3479 6017 6341 2430 6594 9876 1677 9532
25 6724 8158 493 8653 4764 3778 9424 3754 275 9659 4768 9571 2700 2308 4301 3788 1270 1691 5145 480 3002 1425 9850 4490 437
25 2869 5034 7574 2639 5332 178 9288 9823 2479 9998 5104 7321 6020 6530 3844 6464 3132 3023 5493 8663 1868 5949 2593 1823 6060
24 157 563 4733 6026 6956 2395 7573 536 133 3186 4906 7100 4276 7613 8478 9034 7027 9040 9885 8295 6941 5404 1327 7410
25 2020 5237 3426 5303 9678 1613 7562 9264 8339 3077 3221 4407 5849 1053 5645 2542 798 4603 2779 4600 2251 1452 6147 4683 9970
25 541 9246 4920 4973 1365 7191 876 7145 2909 7266 2359 946 6565 4745 2965 4524 1032 5774 7431 6011 2865 5833 4976 5637 2463
24 8329 7013 1186 146 5830 1595 5879 9724 3846 9358 4978 4454 2793 5763 1451 8469 1205 7126 3890 4303 3703 4079 1093 8375
24 2912 1113 6745 5352 2776 8560 1391 1930 8237 2390 4443 1065 1920 310 7725 4027 2469 5229 8759 4551 4077 3836 5855 5390
25 9216 5990 9874 4115 9065 4123 6672 7037 5901 9474 9593 6262 3027 5349 2590 2672 8465 781 8577 4434 4519 5735 6973 835 722
25 9140 9452 3263 1873 6261 6647 461 4117 8926 4893 4279 4549 8068 2777 9708 5401 687 605 6278 5197 4061 1367 6112 8078 7161
25 6198 2748 6711 7690 4749 7746 105 4147 8186 9330 5794 6622 414 5525 470 1361 1648 336 4151 7054 6153 2265 1599 6465 4987
25 3149 2899 6255 6498 552 2126 4031 3997 4167 8105 4290 2244 2996 7072 2420 3144 1036 7029 1070 33 4083 5248 7563 8519 2659
25 7141 2788 4246 3420 5050 9742 4776 8603 5708 5523 4272 2947 3359 4423 9853 4201 3318 9578 8206 5871 3886 2993 4759 8106 8171
25 5885 9550 3475 5503 6825 2314 1716 1584 7755 6824 8749 8539 184 4039 7656 7240 7185 3034 747 1334 229 31 5159 8433 1705
25 9913 8274 6058 9738 4966 3373 2966 799 2082 8692 3625 3686 8842 4674 471 205 2666 2723 6028 1801 9390 7163 9241 2922 7404
25 741 4437 9926 3783 241 9394 2790 9611 8193 7502 918 8601 476 1670 745 2222 2932 5918 7491 4416 6725 5003 1473 707 3259
24 9523 3170 4064 4352 6173 9737 1480 1271 3070 6375 6167 6281 2084 9175 7160 9323 5982 4548 3720 8707 2877 9747 7565 3560
25 1664 2963 6003 2916 9710 1256 8542 7498 4224 2037 7237 2396 333 3379 2282 9959 2111 3019 1793 9772 3727 6096 2592 8137 8947
25 4637 2791 2973 7698 7840 2355 2035 7817 15 3751 5317 916 5093 4517 7932 3801 9489 3246 8777 8046 1899 5812 7834 3791 1003
25 2986 2106 615 8059 1902 7355 5298 1198 8807 683 3212 2039 4626 2494 2871 9201 4755 8677 4534 4401 1698 2474 1983 8884 1006
25 8878 7372 5686 6305 46 175 9729 3731 2373 5582 5102 5482 4280 6947 6282 6651 9791 4131 51 2460 4315 2908 2280 1261 8921
25 2941 2123 2425 5351 9209 5344 1721 3859 8967 8345 4312 997 1740 5793 5136 1405 7596 6732 2588 8579 5024 4445 8211 5790 3313
25 1040 3311 1640 1252 8367 7425 8782 2156 7793 9229 6462 8593 4902 8336 7272 7852 6626 6687 4138 5531 1482 3533 1141 9577 1139
25 622 8713 69 5627 2178 9647 3843 6103 8072 9483 9843 214 9335 6528 2728 4827 4783 8405 36 7850 2827 5011 8538 7235 2169
25 7952 5359 8207 2056 3993 9234 9388 2397 8760 1317 3959 4919 6692 6610 8753 2493 5826 9857 5030 3056 911 6273 9499 4350 9796
25 8962 7553 5285 3708 8973 3393 5824 5289 8428 2535 5872 6205 7853 3353 6162 8522 3320 6934 9417 7739 792 3388 4339 6441 7937
25 375 1489 1994 1803 7411 871 8851 6999 4685 6926 1714 9939 8359 2522 5416 3670 5488 6040 4444 2435 9868 7813 5653 5857 9326
25 1528 8459 7430 3972 7785 8094 7715 6905 6140 7763 1534 688 129 9395 5705 3061 5255 3187 2987 140 2310 3787 6461 1909 8122
25 9207 4170 7248 7883 3190 4048 8998 3790 9368 4701 3154 5986 5068 5568 9170 3158 9895 71 4095 2870 7946 371 5533 392 8301
25 4150 3459 4225 7382 6024 1169 949 9031 76 2370 5172 1668 8569 8111 7122 2088 1704 2050 7181 5869 5429 7863 3405 2322 2544
25 1353 2784 6029 3047 4171 1738 5603 1417 7987 8960 9136 8656 8513 1229 6249 850 5022 5989 8611 5791 3995 3349 1191 9004 8210
25 55 1651 9286 267 2831 1109 659 6932 2241 2042 5340 4878 1743 2785 3582 2752 226 9903 6472 8626 3978 5439 8404 9765 3402
25 9581 5060 3603 2031 1355 8737 7515 4302 9000 3894 2501 3808 6773 2413 288 4816 9211 721 4670 1028 73 6057 8735 7123 710
25 1888 166 7580 9743 2781 4664 4328 5569 4266 7750 1031 1154 1857 4870 3374 9518 9991 8679 3864 9145 7959 7977 4927 5232 6
25 489 1635 8434 8085 4629 6480 578 7592 6134 3606 6609 9774 6776 7107 7721 4513 7147 5190 5691 3604 2353 8380 8838 321 4320
25 8559 4537 1267 2352 7548 3482 3258 6379 5163 1424 1394 4092 9442 7786 1388 8201 647 1400 7050 2902 2013 5368 3298 8070 8870
25 3281 5510 956 1863 8035 3940 1257 2989 953 9778 9498 1796 3484 4076 4501 3598 6671 7244 7159 5555 1419 1043 6944 773 5891
25 8675 3160 2399 4020 5263 5701 9440 7415 4085 1420 2631 3351 4874 1682 6055 8709 4923 9551 1126 9599 8934 4257 7831 9311 4145
25 2008 9768 7243 9657 5584 775 485 8033 5630 2137 3251 6116 9239 5921 4187 503 5823 5231 5927 5447 7079 9668 8580 6789 8480
25 9626 7210 9487 497 7152 3759 6331 6727 1875 936 9103 5785 9739 3225 7571 2283 4573 2306 3876 555 899 667 9123 2862 6260
25 957 8290 2147 656 5433 7282 7457 8103 3295 7823 5801 4006 8304 8061 5738 2346 7854 1742 7559 4542 4261 4242 2847 1701 2658
25 7109 8792 8464 7174 9068 1211 7370 8028 1715 320 2844 6714 4730 4571 6400 45 5038 6284 68 7696 7905 5591 9977 9827 3569
25 8406 902 7666 9345 8937 921 2290 2407 3271 6319 1383 2443 1999 8512 1836 3344 4254 3125 3348 6761 6209 1278 3172 796 7146
25 445 7082 8521 210 422 2320 643 1104 4104 8534 5694 4569 5575 9327 8221 2303 3485 2953 7157 652 1893 2594 5760 2540 3880
25 7318 7357 3017 2132 3435 772 97 6248 4856 8721 7009 894 613 693 5490 2381 5677 9356 165 4458 641 4691 2998 3134 5723
25 5902 2006 6200 2382 5036 709 9496 281 4343 8764 6625 6873 8873 963 4053 2257 2778 8358 1556 1379 2094 6445 3238 4604 3631
25 8420 8021 2605 2338 7256 9858 8644 6218 319 1967 1921 4067 7886 5870 6079 4936 8605 1706 915 5264 148 5839 8043 4951 2755
25 5304 5487 4153 6446 9135 4331 6946 9741 9838 7566 4964 5313 4578 3980 2236 905 9245 9308 2069 9854 9013 900 8 6686 2049
25 3239 2520 326 35 5751 9364 7812 3874 779 7004 9767 5548 4512 9683 9945 5355 7470 9582 1928 7539 7773 1536 3046 8730 5370
25 8950 8739 718 8747 7901 4503 6832 8316 1981 3501 889 3689 5625 8387 7012 827 5397 9332 6890 4132 5242 469 4321 6595 224
25 1833 2436 6718 6903 9981 4798 7988 8664 3474 8268 5379 9183 2721 3336 6525 3523 1957 9535 38 3766 5209 16 6246 3255 4091
25 5406 1090 825 2077 3082 826 4347 7316 1774 2808 4692 887 9348 7832 5448 2149 5118 7771 7634 4129 6435 6614 5813 447 1304
25 6031 6951 3375 7494 9972 1937 516 215 1907 2125 7298 9630 7497 7371 7201 3337 2668 8794 2968 7349 8790 3762 828 1931 1948
24 2429 2581 9109 3732 7745 9027 1589 1748 8150 4487 1761 3130 7619 4478 6666 8846 7 2120 1484 1354 9540 1479 7496 6518
24 9256 3430 9757 3057 4605 8694 1197 584 8598 112 9709 6414 6238 6471 787 9618 765 4721 4283 9984 4941 301 7335 5538
25 6649 8449 5777 3445 499 7534 9822 1393 8918 9783 5600 3979 7461 227 3342 6691 8977 7639 9271 289 1594 4305 9387 3284 7825
25 734 5858 1221 4657 4021 3326 4278 8801 6223 412 2633 9397 7340 50 1654 8297 8643 5152 891 246 9057 8090 2623 9938 3812
25 5381 8586 428 8989 8110 4326 9349 6297 7754 2341 5292 8437 3237 7875 7330 2214 3563 785 9777 4380 9287 5239 4649 3690 9380
25 3025 3758 3602 3739 7882 5124 425 6345 395 7684 3292 9902 7417 5919 8525 5633 2380 8455 3728 2445 9600 763 5494 2819 2530
25 4495 8629 565 4396 1587 2640 969 52 8799 6201 274 9428 23 9548 8526 9865 6557 1577 5797 7158 8398 1809 2610 9545 9638
25 268 5572 2782 7190 4645 9159 7274 5302 6864 7296 6974 3163 1551 4631 9786 9961 287 6586 573 3683 5742 5348 1284 2408 1190
25 2313 4200 9297 6438 2434 6805 4969 463 4832 7205 3293 809 1690 7608 9009 9531 7908 3118 4991 7821 7427 3422 3687 5988 4268
25 7640 5746 802 7685 3818 1189 7697 6677 3750 4055 2153 7552 6325 7969 8436 3365 574 9715 9841 9580 1481 3637 7151 4332 7458
25 3564 328 3108 5779 4024 5576 7068 5679 3496 8212 8693 9867 2541 2354 5754 8875 291 5843 1445 8355 2985 3871 8429 5265 8147
25 1993 9996 2495 9492 6886 1862 843 6885 2052 670 2729 6581 7510 634 2242 8778 6878 5378 9178 8619 5459 3369 5443 1341 4716
25 3743 6884 5295 854 7912 5803 3981 5001 1679 754 8177 6778 8958 5739 9060 1033 8388 6371 1159 2759 4813 9775 2880 7459 3120
25 7561 6455 9011 5012 9475 2753 7103 5465 8239 6680 2595 4912 5183 9425 8651 3943 9893 5492 9794 8716 9340 8923 251 4606 6453
25 3471 9401 4703 2041 2717 6762 7984 3425 7865 3339 6629 744 8076 5882 6532 9855 2800 2363 3423 1366 9067 756 5874 4311 3887
25 6952 9544 3334 2787 2304 2984 3227 1459 7659 3977 714 4970 7583 195 7449 1434 5319 4178 8714 182 7983 8925 8613 3984 557
25 610 8848 5540 4297 292 6618 3155 130 1612 1688 3377 1513 8153 3777 6267 813 5194 9365 4402 4766 3964 4728 5067 2516 8957
25 297 892 9633 6645 3468 4130 8686 9859 4314 4378 3123 6396 6540 1922 6314 505 4386 4609 8983 1549 8352 1641 86 5408 4557
25 5598 8104 9869 3542 2105 7808 2969 5099 893 399 5061 5309 3912 6906 6990 2027 6388 2202 1936 5560 4399 1120 1084 4040 3097
25 9187 6159 9030 9804 1845 1537 508 1947 4939 2977 2837 9384 5484 5080 5851 654 8660 1162 8269 3272 2629 9010 7673 794 978
25 7877 9851 8915 7379 4493 8990 4895 3710 9143 2400 7507 7939 5728 7124 4526 2674 3153 9500 2743 5834 7437 7577 4157 2839 4292
25 4882 3067 4875 381 896 7216 5915 1045 4550 1396 4075 4251 9661 7598 6180 4329 884 2168 3240 8515 6496 9168 8311 298 8862
25 9020 9595 439 9512 1835 9177 6757 897 2402 1146 7483 72 3873 6219 1839 6169 3171 5726 7426 9200 6606 3792 2940 8001 5244
25 2278 9087 3411 2250 2033 7019 7873 9639 3210 3115 9270 4746 3455 8015 7921 9344 5315 7067 6022 4860 7617 8089 1570 4277 6191
24 61 1734 8890 208 657 908 5619 7998 4539 5005 1914 8071 5098 4389 6315 6254 5053 7241 1158 1495 9596 1751 3656 2586
25 9411 8979 3083 9524 942 9655 254 4433 938 2078 1814 7743 3234 1444 6299 8852 6531 5997 7963 3248 308 1837 7391 8641 3032
25 8728 8323 1313 4806 6809 8761 382 8780 6683 5559 8544 6556 4173 1622 1025 8946 3668 5707 3548 9243 1149 1234 360 2376 3850
25 4066 4112 9254 2333 4467 6066 5031 1891 7918 151 2955 4523 2768 4684 80 6227 7997 8853 6828 4702 2219 4977 2492 3480 3883
25 1735 2293 9947 9620 9537 2362 6098 6915 4086 6059 2580 3699 1695 8821 1707 262 3804 8859 8658 6448 4580 3041 3335 1204 4432
24 6361 6877 655 8128 9121 2480 8266 1016 4087 2694 5529 2719 2903 5479 2660 6154 2705 6194 2725 1665 2259 5718 9396 5063
25 5027 9463 5516 2442 3958 5579 7532 6393 8182 4002 3416 9480 7352 6174 3136 2038 1056 2891 6768 7954 5521 9301 3014 5476 4799
25 8342 4575 6942 3036 7386 4371 147 8987 6806 3340 37 4459 5675 5805 2587 8200 5441 3516 593 3698 1728 8391 9025 3069 2664
25 4687 1530 6039 1949 9138 252 7474 8491 947 3847 1471 1567 8738 4740 4514 609 75 6427 8230 1021 4769 9792 5057 6087 3870
25 1724 9691 2690 7277 4555 9481 6930 3157 586 5094 2024 512 7405 6289 5696 4889 2328 5940 1626 101 3576 8152 5047 2172 3478
25 4214 3029 4761 4291 6643 8652 2702 1504 6642 6138 5249 8997 1918 6995 9017 3059 9032 4253 3350 8056 5048 4570 1966 766 7601
25 3030 9191 5566 506 1215 4696 1220 8928 8826 6488 1275 2340 6469 253 4152 7578 2484 6797 9443 7055 3106 2193 8080 5294 9281
25 583 7846 7086 6563 7847 4256 8018 2048 1012 816 6820 4368 8270 9616 5906 7695 4342 4500 8066 3464 2096 3441 5055 759 9172
25 7119 245 3795 5783 2585 6283 7513 9268 7392 4843 6326 1649 8141 4529 6509 7168 604 9149 7776 7452 8222 2170 9215 2411 6063
25 554 3424 9640 2600 9410 2360 4274 6178 272 4264 5191 5097 594 7250 7752 5333 3769 2638 413 4005 4998 7880 2298 5876 7467
25 394 5856 119 4957 1281 3451 8257 2206 1461 5373 5364 7790 2204 9400 2708 7942 2053 1744 3882 3015 2361 1663 6664 2609 7223
25 5402 2711 4349 4028 8194 7342 5564 8864 6036 2945 9816 2756 9704 6117 2876 2868 9932 3357 5609 8685 6598 2210 5545 3591 8535
25 7799 6740 5377 9116 3194 1443 1943 8952 3269 6378 8004 3072 7137 5877 8971 9802 6500 5177 725 4983 6217 4918 1052 5318 1343
25 19 315 95 4141 607 2505 7629 7971 5211 4772 9444 1235 4335 4234 1769 4333 1919 7774 2692 2262 1467 6998 4522 9635 6439
25 4098 4648 9845 5234 9923 4384 8956 4211 2630 1946 5259 2478 7653 5217 4317 8135 6720 9973 3515 4812 9154 4697 5923 5939 5606
25 8587 7117 8637 8042 9033 3345 4744 9251 5250 4470 8067 7914 5502 4262 2988 3526 9907 1540 9502 2637 7530 3931 6576 4844 5173
25 6900 4194 435 1647 2613 6222 2115 9584 2383 7142 134 2563 1253 3178 6324 7254 5736 4116 8899 2339 2161 6685 635 3110 1646
25 7293 9306 1655 1755 9375 1311 5076 4857 7501 5134 6578 4460 1932 940 8048 4835 192 2347 6236 4431 4563 4841 8541 1456 5665
25 9901 6068 7255 9002 6871 2667 6657 3505 2 3039 3241 7217 9403 1163 748 3385 6145 9125 4313 2716 8451 9467 234 5458 218
25 9291 9666 6125 7686 8615 8860 7829 6925 7341 9022 8590 77 6204 5195 2336 6801 7031 5444 2486 9750 1952 6045 9723 3111 3755
25 8102 3138 5699 8575 1324 4617 5514 2612 3075 4718 3902 5512 8813 8968 8077 2616 3634 5884 764 4275 5407 3520 1826 325 3969
24 6403 7631 1792 2754 5952 353 4113 4456 3967 5911 1307 1964 3242 1618 3897 9788 625 2002 8924 1225 5922 5551 2337 805
25 6780 7891 2881 1667 6512 3623 286 8746 9687 6406 2740 6975 5729 6928 1711 7291 8457 7084 4956 9203 6421 6991 6348 1293 7460
25 8698 6752 2074 9018 8529 9458 2906 3673 4916 6920 5976 2062 3613 6429 3650 8828 2872 264 7518 5515 9956 296 9669 1018 5174
25 1815 1674 4050 4101 66 3062 4714 1531 7231 8218 434 9727 534 2685 6667 339 4448 7200 8752 7059 486 3957 5147 8606 3204
24 6633 2143 47 5917 2919 7315 8631 7516 3285 6888 5992 4838 5597 9946 2971 5947 7056 9076 4757 2726 2939 2133 6517 8319
25 1978 1251 5120 6356 9134 4327 8075 3799 8988 8126 9142 495 2288 6620 6561 8052 44 2647 1877 14 8183 6979 7968 6917 4929
25 2015 2657 5719 6182 177 156 4907 7654 9015 5180 2765 4351 8567 1373 4579 3519 1610 9713 2379 299 6616 4149 8265 8098 5672
25 8520 6851 7876 9314 8403 2884 3867 2680 9298 1876 6146 171 3391 2991 3387 7590 7022 6071 5745 5897 1231 8487 9277 7131 9906
25 3168 1852 6912 6575 8876 4724 1179 5105 21 3573 2715 78 684 34 2047 1925 5648 2369 1575 6046 8893 5198 5446 327 2509
24 6160 3384 8285 1222 1232 120 2220 4520 4824 8064 1236 7999 2412 3214 4849 3956 4015 7992 5276 6770 58 2887 8397 5125
25 3693 9503 7102 2741 5866 7344 5437 7894 8627 6799 2213 3016 8010 4468 3360 6660 2569 9413 9525 4763 2491 5596 8897 910 6494
25 2327 3329 8146 32 5766 2377 7569 3584 2417 3454 1345 3052 1827 1262 441 4438 6362 8202 6259 6099 3003 6250 2185 7824 5504
24 719 4255 3666 6216 3513 6081 138 1787 1681 561 4316 5908 3961 8697 1789 6382 1007 1241 597 879 1802 8091 4506 7533
24 9698 1100 4080 7097 5674 7811 5452 4584 2760 8741 9029 6602 7189 4810 7699 8553 7295 6190 932 2318 7611 598 1865 9736
25 6965 1689 4507 8795 9546 1081 6882 8109 8550 5442 5587 3078 5052 1068 4762 5993 4975 2099 1659 8276 5669 8503 3781 4417 1020
25 3457 4511 1177 7337 646 374 523 1752 3127 7587 7672 3962 6504 9957 2004 2832 337 7841 1108 8389 5252 1077 8482 8727 5571
25 219 3024 1830 1465 8951 3205 6659 4787 9734 3645 2437 1982 8197 139 6215 496 8474 6599 4420 4010 2098 7814 2100 7133 1009
25 4536 3976 8823 1175 8642 8243 7197 2846 6562 6231 774 3399 877 1965 2733 4166 1049 7919 2775 5290 1812 8488 4741 8424 4103
25 8840 6875 7870 2896 5375 4888 9516 5998 5768 5154 6184 3487 9547 4036 591 7887 3306 2001 860 2349 7885 4231 4273 1254 2448
24 3692 2928 8448 5054 8742 1062 1779 7843 4068 2332 9954 3536 7265 8294 5270 6497 5346 6583 4361 562 844 1847 9614 8722
25 7849 3891 5090 3615 2696 1553 2515 5910 3308 9006 8591 22 7646 8003 3004 1890 2514 9414 4193 5075 4861 6876 7568 8044 5953
25 6541 4833 989 3807 4541 9101 9566 8691 6963 689 1720 2710 2142 7976 335 5277 7990 9063 8479 1478 8330 2157 587 2773 4243
25 7911 4794 3147 4940 6244 7387 7679 4406 9056 9421 8903 6137 5419 5796 5468 3081 6230 7242 882 7540 8130 3641 3042 2410 939
24 6656 400 5212 4587 8671 2981 5991 3752 5026 9302 2189 1340 682 556 6510 2091 179 981 1216 9689 2905 302 8654 9176
24 5161 7792 3816 4938 9617 3358 8413 7488 8097 3877 6038 510 1824 6675 63 5795 2824 1122 3162 966 4418 9552 5474 9097
24 5137 6360 3840 8445 5660 1475 3146 8134 1980 4988 1075 1078 2567 4026 2334 4933 2427 2707 4589 3322 4868 6993 3107 638
24 6456 3572 9769 152 3321 1325 8500 6120 6696 8705 9988 8673 213 6001 7360 9418 1274 2792 5634 8866 6573 9454 1699 8490
25 5881 8426 498 5156 9262 6716 9612 9328 2229 3316 2139 2866 8199 7486 2555 6837 8886 4952 1517 99 8507 9307 7896 5046 8618
25 9733 271 9385 895 6270 4119 7503 454 8160 3925 6970 836 5925 6027 7155 1950 4182 5618 5788 5814 2458 9656 845 3229 1559
24 6424 8548 1959 9702 3433 9897 1192 6910 6203 866 8935 293 7782 3330 4222 1730 2487 2258 3166 5146 4383 5817 8226 6748
25 3667 8566 3717 8530 9842 5951 118 30 9433 2452 9205 3256 2016 3438 2010 7110 5518 3303 8467 5773 5316 2683 9259 6405 9573
24 1178 5282 8868 1693 4099 7907 5967 7949 3463 7547 5565 7106 456 2447 3161 1817 7671 5828 644 8321 7136 5536 329 1562
25 580 5654 4285 3566 1206 6062 5809 4924 4690 338 6682 356 4452 3545 3412 7128 1811 7767 8625 9887 9676 8858 7996 1653 3528
25 4056 7428 9705 8034 645 6082 3465 2374 2557 1328 4825 2762 2789 1941 9825 3820 1975 3695 7257 5657 4791 3945 4778 1939 6479
25 7188 4935 199 9190 7779 3904 8407 9817 1431 8326 5470 3489 7179 7556 1673 2499 2058 7981 8765 1954 5667 1301 6914 1642 5578
25 6694 3601 9815 856 3802 9132 1896 5933 959 3753 6171 26 3567 6790 1632 9102 4373 9603 4814 7469 6005 4337 6093 3535 1545
24 768 6004 6409 4585 1631 2275 4653 8494 5371 8108 958 3233 2294 3736 1533 340 6611 3803 6653 4412 9861 6546 3093 6721
25 8509 8715 9382 7934 2217 9263 3909 5700 6898 7065 3139 7718 9533 7071 2012 7480 9173 3177 9206 452 7836 488 4451 811 4186
25 8564 6786 8254 7710 8882 4497 5792 4159 8743 8624 8074 9237 1566 8810 3955 9059 7858 87 3037 2503 5685 8313 690 2300 5225
24 6252 6669 6764 5662 6971 6188 7822 1389 7620 1624 515 7599 1933 3508 6545 3815 9415 8409 5283 7664 1645 4540 5361 343
25 9166 2426 4686 3906 1263 244 4989 8159 8857 8307 4809 1050 7313 5522 4960 917 5 9529 8723 4484 623 8717 1180 566 1038
25 2531 6168 2305 5678 7245 6247 3685 9482 3757 9884 5651 5956 1719 5175 7674 8966 3726 6781 6688 4760 2812 4189 1576 778 7632
24 7064 5698 1908 1874 9199 9133 599 6808 7267 4128 6816 8855 8390 968 9653 7378 6050 7225 411 5644 5269 9290 4904 6753
24 7936 1363 8711 9202 1583 5014 7361 9001 4357 8719 1416 1727 9111 6637 2582 2155 4215 6899 1878 5226 9997 770 6559 247
25 8213 5710 9104 2982 6570 2797 8585 524 6839 678 8725 9658 2148 4360 9386 5111 4110 3226 4574 9873 9703 5395 1972 9753 8874
25 1883 9274 8588 3022 3124 9075 8827 9089 2104 6306 8961 7531 3551 8822 7500 6328 4581 2342 7487 995 7268 436 1898 4790 4127
25 6843 2915 4207 3414 5853 514 3974 6333 6181 1071 232 8250 9194 7419 6709 8461 4961 8408 236 755 4363 1350 6569 5714 9916
25 3410 2422 5887 982 9497 629 5033 6800 9934 4411 4660 1296 786 7541 2772 2081 9041 3911 228 2490 1938 2697 1377 4553 2813
25 8179 5649 3050 5291 8665 1110 9701 2281 5208 3661 8750 3841 6734 9665 2263 9437 1732 532 2005 5776 1303 9169 8363 3347 5646
25 5222 4455 3512 2651 8555 1523 4871 4937 2693 7284 5981 4567 7521 8471 8248 551 904 167 4108 8834 944 3327 6143 6650 8789
25 1227 1625 1997 2181 7364 494 9912 2393 5201 3282 1702 4237 2461 2093 521 3662 5780 4146 5961 5478 4700 1095 7649 7789 3619
25 7810 661 9485 2686 853 3524 3421 233 2439 9378 2861 3913 7820 2254 5483 5110 8744 5612 5613 9058 440 5623 5485 2032 7049
25 7455 2975 1518 4658 1762 4756 2477 2343 7689 8383 8621 8906 3828 4461 5383 5840 7105 4148 3709 8240 2879 4172 6118 1015 2597
25 4788 864 6208 4029 2817 6579 121 9789 4394 9114 7326 8242 1901 4345 9686 7923 6506 8769 2392 9465 4041 107 8824 6911 5543
25 6485 3461 7874 7434 8609 952 4247 5221 7464 7630 9583 6617 1604 1486 2267 7545 4216 3363 7170 1662 4808 9 431 398 8414
25 6418 2230 6420 9042 1294 9561 9836 2179 3597 9826 6863 4232 4521 3700 4847 2517 9883 416 7593 4668 6986 540 7215 807 2134
25 9670 6735 7373 849 6272 8617 7187 6838 1368 6730 5308 1357 370 803 3074 6370 8604 1157 191 2798 2521 180 4823 2243 8556
24 7186 2626 7312 7034 2732 1846 4206 7167 8814 2718 776 2398 1974 2687 5585 5759 9066 1258 7450 9922 9515 6955 7289 2203
25 2507 7677 1843 7668 6639 9900 6344 7830 2534 3182 1499 8031 9112 1351 7175 5595 1894 5638 3407 1085 4463 3184 7057 5758 9430
24 3696 3396 3966 102 9846 1412 8610 9379 9785 4009 278 4663 6030 96 5339 6787 8253 3889 7390 6621 3095 7219 980 7115
24 7140 3578 4003 1913 560 4441 3305 2938 8192 3534 1314 8360 9218 8812 3198 1249 8322 620 9391 7251 5130 669 8726 3562
25 8932 6741 6012 7196 5695 5457 2065 8809 4499 1822 433 7708 1976 2662 8006 3151 6233 4488 5185 9759 390 3612 3742 6665 7182
25 2774 4184 2783 9735 4639 4709 7691 3498 2309 7077 5016 2344 7723 8347 5605 1775 9995 1347 5178 7833 7603 9797 926 8552 9476
25 5971 8774 5017 8831 8273 3122 4944 9667 6451 4358 6436 970 2892 1026 577 2553 6256 2475 9590 6401 7044 2620 9714 1001 4793
24 6767 4910 212 164 4607 2418 7778 2468 698 3999 4136 8779 9181 600 8845 5570 6166 5056 2194 3626 3681 5059 7436 5697
25 2603 8277 6922 8682 7663 2652 3798 230 3986 3428 909 5167 7195 2365 8050 7517 9587 2071 1506 7218 8047 9189 7751 59 9677
25 7028 9320 7567 3680 4403 2045 7081 3085 6641 5042 8993 7944 812 1011 8498 7945 6544 9404 351 5867 3633 6943 3965 5273 7058
25 7229 3176 7554 3220 8176 444 364 7924 612 2599 386 2634 7978 363 5639 9989 1397 6010 4931 7283 8724 702 4962 2964 6467
25 8204 7585 5829 2799 6280 3203 5835 7726 3924 692 1842 7904 9079 7800 9188 1196 3089 2750 8942 6449 4736 108 6158 6819 3021
24 1332 5189 5957 8768 2160 7169 2525 8229 65 1591 8088 3767 1572 824 8531 3217 7895 706 2249 2070 2946 2224 2221 8057
24 8489 4644 4016 1685 1474 5116 2809 3811 7866 7462 256 7101 5350 5106 1996 1376 8394 6508 1044 9568 8910 5434 5592 2271
24 7088 7319 1970 6034 8030 2108 4775 857 4515 7091 9917 3568 1382 1035 1375 8571 207 3824 3071 4174 7950 13 6294 9829
25 7709 3849 1904 1 6537 3839 6902 2874 7525 5804 7529 7018 9244 3395 3401 9807 1089 4480 8514 9007 783 1427 7476 9721 1300
25 113 9985 3066 8236 6893 4045 5995 7931 9362 4486 7570 6442 8931 7047 1851 6432 6524 393 8802 5131 8205 401 4390 6994 7252
25 3049 9920 2440 3583 8597 5622 7207 342 6868 7610 283 9250 8476 4850 7738 2489 2549 9501 9036 4633 1339 1356 1586 3064 1558
25 6654 2026 7446 6398 7203 4195 40 9881 1840 3174 216 6897 5520 5655 8528 7809 2533 6972 971 4199 8696 4886 7228 7586 1378
25 658 5500 601 8940 4990 767 2556 8798 2835 8540 5532 7454 4135 8439 5336 4738 9455 5946 6394 2529 7269 8320 9693 8770 2508
25 1866 2335 6473 1557 1046 7816 8645 8245 5394 4651 7288 8264 1057 3878 1621 7420 6549 9016 1881 9898 427 2211 1961 7011 3380
24 2828 9602 2497 8965 9392 8062 1117 5462 4263 8545 4217 3968 3539 3503 3383 7851 373 861 8144 2564 1585 9711 4568 465
25 3546 5996 5663 6340 7276 4356 4971 7366 8225 7627 7259 7351 5943 1749 7528 2617 5438 468 3088 1442 2764 9210 4286 5179 7036
25 5727 9412 839 1797 85 8970 2292 1166 6883 7440 4489 5553 9886 7377 1298 3001 2018 1608 1694 5207 3250 9585 9530 4069 8022
25 6529 2681 2518 6141 9761 9962 1309 3394 2893 575 9955 4698 6298 9350 5506 3006 2022 7892 9217 7740 9690 7722 5296 7621 6170
25 6502 5466 1240 2112 1331 1208 5008 5301 6104 2933 4942 5810 9092 7995 2378 4954 9904 3472 7348 1279 2252 4126 4049 2019 2225
25 8787 6164 284 2140 8259 4872 1643 7900 7384 8646 6862 8628 2348 6490 7855 2894 2255 2811 4864 3486 2628 7413 7719 6018 1344
24 7711 4233 2537 9071 161 4065 397 8820 1861 67 3595 3101 8381 217 6091 878 2890 5321 8124 1855 2767 438 3853 4013
25 3697 9316 3585 4656 4595 7933 7564 387 6722 9247 1870 7505 1882 8565 9899 9621 7844 6109 5924 8092 6501 5431 4295 8123 8331
25 6189 4867 6536 9171 5628 5374 8058 2040 3694 7791 4747 4710 4739 3682 727 451 5115 1895 3100 1848 4408 2843 3718 7356 1569
24 5343 1588 8536 2731 4880 1644 7048 5709 5983 6953 732 9470 3919 1853 347 1971 9856 3810 8568 8096 822 188 1602 3929
25 8736 2957 1986 5539 4786 8981 2164 7542 8547 2218 7807 1125 9978 7848 8788 25 9049 3809 6826 5410 7087 6323 3665 6507 8217
24 8758 3779 6818 9527 2394 3247 7221 2804 9800 6712 8025 7192 6539 1611 2003 2226 9107 3312 8235 9257 9986 7748 6258 5720
25 8783 6304 6749 9477 1152 6587 5847 5021 6211 9085 90 5420 3142 7447 7720 8936 1763 3996 1708 7989 6895 5731 6052 3218 8131
24 7864 6206 7000 3112 7636 2260 6879 6416 9219 9110 7007 1291 4621 155 5850 3730 2826 5013 7324 650 7395 4949 3028 7206
25 3333 1030 3200 2577 2771 1676 39 5914 4074 6726 4890 5689 3660 4831 3704 9372 4727 9099 1242 1808 8572 383 2073 1306 7700
24 8189 9556 5182 9464 8173 6274 6962 7727 4072 1381 2850 260 125 7661 1409 9471 2454 1140 5127 7127 3644 9646 2312 4133
25 8271 277 4807 7884 8379 6013 458 4689 4628 5092 3494 8817 841 5963 6337 9342 3768 5412 9197 6193 111 5964 948 8808 7472
25 739 4109 5955 7922 1352 1436 189 3469 501 4219 8833 1042 3397 2545 8922 5930 6949 1760 5673 5096 9266 3180 8372 9700 9304
25 1447 6804 3544 2999 6580 5238 2875 865 7624 4543 4591 3266 5722 1094 8732 4572 5765 1244 4466 5432 7744 7310 6981 1210 8740
25 2424 1121 4863 5158 9100 7941 81 777 3845 4440 1783 5862 581 9435 4100 723 8975 1091 3302 1552 7669 8282 3367 8594 8700
25 1784 697 417 3398 7682 3532 4800 4767 2621 2882 103 3763 1854 4258 4336 160 653 7526 4577 2878 9147 4054 70 6750 181
25 6269 8574 9105 1634 1349 3793 9632 5101 4722 3267 1988 9083 1989 2682 9448 5463 1616 5703 1713 2302 7061 6717 831 8120 3288
24 1414 6296 8554 1627 3215 4477 6460 5534 4821 5268 4043 4620 3446 8303 5827 4023 2650 8340 4367 8949 9648 662 2528 7376
24 9820 5089 4558 7628 6336 2810 7325 6793 9908 1590 9278 999 1502 1017 4122 4175 5206 6408 7478 1617 7964 5202 1841 8847
24 8086 2742 6327 6526 9576 3746 4623 6582 1656 8140 279 4947 8920 6738 3452 7868 1027 4492 9069 5121 9971 1014 9717 1022
24 9406 3989 3632 9118 8037 1101 8506 8051 8366 2722 4805 6308 2279 5091 9021 8912 7332 7644 2014 5544 2550 9014 4897 3620
24 3245 8203 8816 7346 3362 8493 4634 7222 235 1337 4388 3939 4097 2451 9598 8754 988 7980 3179 1903 421 5978 3688 5631
