29 6599 625 3171 3640 6748 6922 4030 4298 9848 5802 3144 4921 5770 5438 5962 2882 3073 7437 2886 1563 3017 7274 1018 2694 6251 5344 5859 9330 4978
29 45 7132 8339 6475 9408 1241 3049 7605 794 1602 5322 7802 6145 345 1029 8124 6653 5755 5038 8800 4982 2773 3070 3135 1834 6783 9916 3580 2659
29 8033 8407 811 7394 4219 3536 4639 5138 3934 261 1218 881 9855 5080 628 984 2387 6940 8804 9016 5929 1814 6679 8243 4367 6506 6881 6564 1397
29 6428 3256 8152 6664 8083 5448 5360 2242 2027 9436 7610 7275 8350 5108 6716 6072 9823 2216 8186 3255 154 9132 1506 1633 2095 9542 9991 2456 1637
29 2603 4974 8440 6778 5461 6000 6280 5433 7317 9870 5490 1000 2539 8278 1046 1636 1832 8414 2319 992 3029 6662 7905 8308 4646 1634 1270 5953 5707
29 2822 3832 4060 26 5566 6005 9242 365 7392 8004 4726 7032 8189 2686 5833 6846 5026 7676 8171 9597 8473 6536 1966 3713 1237 9320 4699 9296 7215
29 6440 2163 1468 5511 9811 2395 3731 6267 6793 2846 313 4782 2020 8115 7919 4213 5076 5287 5617 8138 3900 3206 6636 9335 6713 9041 8986 9697 5644
29 9475 6956 4166 8781 2640 6681 3318 3272 5296 8458 2243 7906 8755 6010 3377 278 7700 5567 6938 6900 9137 7137 6548 5599 8567 573 9767 8387 531
29 5454 2452 8657 49 3306 4716 232 5637 5512 8262 4292 4047 4316 3686 6345 8550 6539 299 6739 4987 935 6144 6801 3163 4531 5633 6161 4254 2217
29 156 1187 8177 276 5534 7992 7203 1009 2310 6230 1431 2011 7554 8352 7346 3920 2315 4406 8491 7479 7504 3509 7445 2285 6011 5937 8959 6542 5674
29 4467 4260 5608 7929 3735 1715 62 7349 9059 4931 8325 6893 8611 7312 989 8882 4207 6963 1073 2112 2676 1078 9176 4326 3493 8068 624 8768 2480
29 8103 9284 7222 3643 1863 4084 2138 9477 1657 7680 1189 4844 8801 6719 4813 270 6607 7248 9156 5468 3969 1922 6254 2072 8043 453 3072 9403 3517
29 2635 5777 6785 6765 7890 7625 2053 6990 9495 2788 2909 9412 911 8722 9334 6706 4434 1403 7143 535 3395 5607 6694 7128 1714 6495 340 3038 8909
29 1959 3240 7787 108 8829 338 1133 9565 6538 5510 1423 3603 4100 6809 9008 245 4328 1906 7040 8947 6525 797 9972 2884 9865 2170 6266 1503 6301
29 3039 4830 9460 5462 6983 2049 4627 1238 3465 3130 5121 4293 3453 5691 5994 6624 9630 3890 5246 7083 4269 4536 7301 1583 1815 4026 8236 6639 7559
29 2446 5645 3878 2512 8282 5724 6452 6128 8506 4885 4241 4243 8844 8826 9448 4167 5790 3805 4143 9083 7716 7113 5088 8811 2976 2514 4683 7322 819
29 2734 6330 8432 4870 2145 8439 4495 5916 1411 409 5222 6672 67 3629 32 7018 2219 8843 1338 4499 4606 5004 9691 7998 8672 2834 7008 1001 8465
29 9997 7576 839 1037 6620 4156 9831 679 9437 848 6666 4435 8824 8752 729 7044 6521 5242 6039 8459 562 5888 6517 3478 4360 843 3931 5877 4915
29 2921 1641 9850 544 7230 5574 3881 9864 2021 1370 8689 4774 8335 7072 8007 2237 3599 5806 7578 6875 1510 3223 3572 8818 4287 3959 7843 4708 7134
29 7590 8698 3833 5345 7026 1907 3847 8454 8517 356 1852 4443 8106 2019 7298 8135 4737 4470 1450 7495 1159 3523 4403 7376 5812 9642 9505 2386 1635
29 9670 9155 3856 3260 2003 9263 5714 4015 8581 9327 5856 9127 6976 9280 178 6175 1456 3319 2684 7710 9226 767 9061 1869 4042 1943 2516 4963 98
29 9738 3756 9820 8503 5696 9974 8991 8365 2613 5235 2286 3494 7596 3246 1170 4177 6726 9525 5816 591 5979 2471 4209 8576 2261 8244 1550 4881 1596
29 333 8315 5756 9522 6382 6815 5744 1222 5302 1310 6690 7082 2825 986 4748 9712 9507 7218 4404 2208 5421 8676 5792 8690 6832 1881 8105 825 5638
29 6261 6603 7395 6623 2755 629 1236 1770 6615 7046 6069 4519 5395 1544 1401 2077 8498 2484 1710 3263 4206 2764 114 4783 859 860 368 7399 470
29 1179 7822 7984 3312 2140 5020 4530 745 1420 4900 2799 199 9809 2977 6836 1052 7778 1013 6417 4991 3736 6805 5785 661 2667 2308 3138 5178 7260
29 4506 7324 5041 9787 9175 2664 7016 964 6215 2542 7614 560 3290 4410 6757 1894 5731 1346 6939 3372 6034 2240 4210 7048 6201 7107 7729 6680 7162
29 5260 8085 8983 6819 5263 9790 220 3348 3647 1679 9973 1228 2184 5198 2114 3692 4700 803 801 2362 7372 5364 4342 8510 8533 480 5844 8360 9478
29 1434 4616 1060 665 2756 593 7408 513 3243 670 6256 4153 2699 7157 4829 2225 7196 7438 5123 2665 9142 7913 8326 6103 3614 2448 3840 8514 6576
29 2854 3511 7708 5156 6756 1380 5693 630 8645 8904 168 3670 1585 3011 6544 9716 1383 2200 4868 9846 8930 8729 963 632 4407 9563 8918 7654 7577
29 835 7883 4543 3302 2350 6313 3703 6167 8076 8469 7291 9012 3020 1972 2428 5346 9119 5741 4706 9901 5625 4816 5243 8940 5402 31 2123 764 8385
29 5876 6227 9117 5942 2614 4123 1994 3741 8263 9658 5382 8943 140 3685 3028 264 3129 1495 3329 3714 4211 346 5319 113 7713 4811 2789 3918 7534
29 5954 9282 4433 5472 4151 4009 6580 2096 8256 2624 6188 521 5768 832 9207 2549 5662 8333 5131 9337 6937 6126 7339 9813 5582 8409 3467 7270 9770
29 7759 1764 2332 5965 3268 721 5671 7891 1882 1193 7268 4818 5281 4215 2171 5786 7795 8837 2029 6682 6372 7303 3002 4733 4571 2706 7801 9995 1508
29 6198 9594 4057 3385 6459 5251 7637 134 1433 2892 4334 7753 4906 6024 5504 8362 1927 3552 3056 7963 8048 6196 1570 3438 2248 6972 8070 7362 7756
29 2584 9858 1247 6416 6150 571 5706 5446 5315 6675 9420 4657 9072 3771 8675 9355 3939 414 248 179 9105 8881 296 2294 7125 3041 6823 3403 1911
29 5831 2265 5049 3333 3866 8615 7185 185 8264 4413 3813 9908 2124 1147 2817 713 4549 4164 6759 8868 4781 9313 9318 2883 4105 2749 7817 2957 1921
29 719 1833 5967 6635 5207 7147 4903 9485 190 550 4856 3286 9051 1056 1885 2060 3400 1376 2026 1252 6383 1617 1372 8192 2214 7100 5507 946 7652
29 2368 6638 726 1014 8950 9115 2295 5670 6874 4831 3105 2050 4002 4930 5839 4669 4727 3113 8269 9911 5563 1475 2443 8393 7154 7050 9869 5002 6441
29 2995 8579 6214 6754 9073 1985 7842 9315 6978 5900 4163 2928 223 600 5132 9430 1272 2425 3473 5444 1334 8280 3022 4038 1209 8376 3101 6974 6511
29 7318 1204 9868 9797 7109 8277 7865 3040 8235 5975 5070 6707 9116 710 3446 3211 9264 6962 6120 1748 2277 9638 8451 6659 105 4619 637 1738 8395
29 1566 4469 9913 9506 1422 4165 9825 7988 6854 9231 9690 5064 8659 3136 9256 7656 3409 7881 7476 4894 488 9062 4121 2732 6408 6153 4257 5042 1651
29 5679 3562 2793 1036 4046 3380 6731 5424 5274 5183 1683 9089 5347 9068 4011 4365 1571 7829 7425 3690 4731 8209 6917 7714 7711 1361 1255 8216 4659
29 2150 929 5503 8356 1745 1239 3443 2762 8377 3683 2280 5096 5661 855 9217 3180 2631 3571 905 463 7535 5961 1586 7287 44 6358 3349 6650 5486
29 2820 3153 766 6463 9286 2144 791 7800 1149 1555 257 4990 5249 6951 3003 2982 1840 6768 3754 3245 3965 7954 6848 8648 1576 5870 145 5551 6835
29 2234 8644 1348 1066 1756 4250 4553 7467 4454 789 1074 8889 1319 9365 1774 3463 6323 6628 6110 4441 4333 7391 7933 4850 2269 806 3719 5779 7688
29 6933 2996 6687 6970 6407 873 1093 3854 380 5074 3545 2062 6098 249 539 5114 1606 7365 4305 1803 8612 9114 5932 9637 8522 2712 9748 4585 697
29 9191 1568 3991 4803 3518 6278 1042 4828 8649 8486 8055 6287 334 3695 1968 1664 2658 6877 7103 8674 9271 9744 9652 4993 7332 5593 7852 5930 3143
29 8450 3123 1364 6046 7699 8693 8293 1245 6919 5502 4040 9593 8616 225 231 2869 1536 6512 7428 7373 1284 3413 4651 9201 6324 5231 7966 5365 5208
29 3353 2091 1691 502 3582 837 4942 6036 8349 2843 5904 7039 5289 5219 9763 6321 2951 1351 1265 1043 4663 4563 8075 2434 2626 891 2400 7806 411
29 3016 2711 7918 928 3953 5713 5166 8737 7981 4483 4489 1493 1371 2724 9800 4312 2226 8158 3371 3466 7170 4445 8252 2896 1287 9613 6821 6561 2497
29 2922 3075 6610 2205 7323 1016 5901 6244 6547 9339 3313 7387 8455 6941 9411 5373 388 5884 5495 6394 944 7530 8922 9881 3237 6447 3589 7194 3436
29 3440 1660 314 5794 8872 7790 343 771 4465 4079 9056 9689 3131 5600 6873 95 6991 3928 2174 4016 2733 765 2588 3559 1594 6052 9452 3159 7774
29 3117 7642 2241 1779 9884 3164 4788 4969 36 4432 4262 1557 1618 9458 8883 4148 1057 64 4261 761 6468 1902 9849 3841 2533 6041 5712 4235 8629
29 9822 4581 6879 8586 2506 6504 6049 43 888 7629 4579 9793 5352 8639 1771 5477 2462 1195 8107 3252 1356 8357 5190 7520 4490 3406 9615 2901 7887
29 9151 5160 4797 8027 5516 7845 8462 3300 8828 8723 413 9575 8769 3926 5122 1453 4815 255 7079 3973 5893 1663 7224 1841 6943 2501 6755 8819 1298
29 187 3611 5149 9685 3396 6718 1677 4137 7927 5838 8013 7811 2076 5874 3944 3753 8242 1763 8495 6777 5858 1979 8427 8045 3239 6203 4548 3769 4171
29 9058 1788 3503 9236 9129 6556 4096 7054 7240 2960 5035 1889 9249 5367 1146 623 379 4946 646 3142 8380 9840 8456 4150 651 9023 4461 655 4964
29 8019 2417 5952 1205 2526 1462 2057 939 9619 6523 392 3431 3975 6811 2617 5270 8200 4043 3880 1087 1090 2621 6926 8302 7647 8987 4793 2530 3386
29 2870 9960 7448 487 4442 4018 3346 93 9675 2919 2802 2052 9750 4601 2204 3963 3662 3376 8684 3732 4285 4029 8853 1277 2257 4412 6883 7422 6804
29 7833 7995 3361 7042 3524 3266 8711 7526 6218 7038 4062 4374 529 6486 3828 4332 494 3359 490 3666 3357 7454 7902 3066 634 3779 3161 6264 8694
29 8141 2830 7793 3618 3373 4976 8257 173 6979 1610 7190 4168 2923 6388 5093 8223 14 1654 5554 1006 7940 5264 8905 7228 7477 4820 1079 6390 9837
29 2717 5524 8654 2693 8540 5416 6027 8679 3427 1477 5429 5304 7370 7549 1452 6743 2034 8133 3162 4649 7446 8467 298 2177 1518 4580 9383 7805 9932
29 7136 5370 4754 3519 4415 1025 4278 9272 901 7580 8122 4223 8861 6187 1482 5443 2714 1632 1652 6469 4142 1362 7501 732 5173 439 1801 9555 3952
29 5266 3265 328 9646 3126 4227 81 3528 2679 1219 7450 9545 2705 9287 5152 7102 2708 9103 4812 9897 104 5762 8127 3084 9713 7090 8317 5361 5065
29 4172 8039 1734 3679 9806 2212 8368 1865 8914 4641 2835 4019 1747 954 9902 1068 183 381 8827 1582 28 1041 3627 6751 892 8165 8585 9410 4916
29 327 957 4766 2482 3762 8714 7087 3151 141 8588 9363 4127 5137 133 2759 8780 7888 583 3276 3550 5871 7092 50 441 2885 2572 7837 4685 3116
29 4891 8184 3693 7335 1442 1795 8281 8897 4385 7045 5547 8047 9372 6192 8279 700 8221 7273 7635 6685 2172 4772 4449 4039 6761 6932 951 6038 2254
29 6056 5673 5771 5545 7084 8549 7086 1998 1194 5293 8668 3194 3310 6646 9002 3495 9830 7994 4389 2490 5494 4024 7658 6887 1449 497 4998 5851 75
29 2098 2182 4338 1909 3295 6421 1095 3619 4953 4388 5749 3392 5292 430 580 9290 1469 3109 4787 9294 7211 3862 5019 6317 344 12 6442 9544 8670
29 9832 7609 7235 5675 3844 7769 740 9235 3745 3167 3850 5279 9007 4511 4918 2251 8764 5154 6792 774 1476 3725 6355 1374 4961 7677 5372 7978 6632
29 8854 3104 3765 144 6973 9980 2058 8572 1525 1120 5514 353 1960 2004 838 2151 5594 4645 3222 9239 3768 8923 9945 1061 9025 3796 3074 4956 7021
29 1785 482 1437 61 1560 4933 6779 3644 1821 431 2097 3191 5766 7701 2683 5842 775 1781 8921 6199 5283 988 9036 5091 4459 4682 1916 341 5211
29 7849 5354 4701 5537 9636 2746 2258 184 3192 4370 7847 4401 527 3923 5800 9588 9047 2447 1523 1970 7821 1072 4463 2796 9576 2828 287 5029 9784
29 6430 6669 4794 2524 2396 215 8594 3297 8036 2415 4520 1548 5488 4081 4288 1413 4614 1 7628 6788 7226 7736 2162 1108 8343 4840 8743 7608 8009
29 2772 7382 7031 8118 1059 5066 4730 7598 8389 1304 8511 2986 1935 3368 3061 8926 1616 7353 9626 19 2361 6825 9374 9620 3015 9535 8225 283 722
29 2038 2381 6461 8919 5612 4573 555 466 22 2061 1360 4687 4689 6143 3220 8355 1391 4557 5841 1379 2742 7311 5140 857 9759 5430 3404 8443 7820
29 7138 8267 1365 9699 4455 6348 2468 6437 3037 6572 8652 4732 7830 1929 4862 7171 7499 5614 2246 3089 945 1455 9631 9686 7730 9579 3958 4965 5738
29 3183 4049 5532 1818 3612 375 813 7347 7748 3675 6185 84 2355 9434 8149 4477 4129 8847 2754 4405 7627 4849 1912 7019 3943 240 1891 6810 1363
29 5959 1938 9942 563 9836 678 7607 1440 5739 9006 7472 7771 8145 8332 643 1457 418 2407 5060 8161 5676 5339 7687 5571 1812 7930 7553 2879 9418
29 1134 5262 553 1139 9384 8697 2359 9184 4545 5277 9375 6862 4379 7860 9959 7853 1173 211 6336 7041 9656 6855 9608 3424 262 9244 5960 2809 4678
29 3636 1752 9591 2715 4034 4391 9537 541 2470 4289 3262 6191 7838 428 1507 2006 1736 5252 5415 2580 3809 7451 3023 2454 9582 127 5317 1653 5666
29 9053 377 6578 6482 9416 2147 7022 6686 9240 3678 1849 9482 8899 1701 1103 7033 2821 505 1656 438 4208 5145 9602 2360 7281 5032 6776 3472 6202
29 9145 9328 6729 1148 2195 294 6618 3090 2194 4229 8258 5412 6310 2589 5820 2372 2130 9046 2118 9195 5271 2438 2374 4255 3930 41 9071 3857 2338
29 2440 3968 5941 4214 1325 304 5796 4394 5760 9885 1680 9979 3174 9081 8650 1866 3641 887 2700 2192 8570 1381 4848 5686 1279 5747 2902 6587 2994
29 6130 8545 9257 7636 7442 3757 5368 250 8154 1797 5597 6590 1742 9135 4371 9252 2224 4482 3378 9005 7786 8173 9680 1718 7604 6012 5280 518 6405
29 8725 2698 5595 3324 7742 4286 9856 5303 9393 1081 8499 5329 564 7620 2560 604 8529 6905 7879 9401 6349 7469 2566 5728 2691 2088 2915 8167 9700
29 5254 8607 182 7120 8327 9322 9302 4350 6562 9733 6531 7195 2720 4382 8807 5540 9011 9717 9017 5458 3097 3307 11 4270 121 5586 5374 1551 4188
29 1141 94 7569 7581 9120 4248 8726 7359 1836 2689 6357 3315 8821 5817 1308 3389 633 3068 8271 807 2641 5363 5316 6335 6325 5398 4890 845 2681
29 6042 9445 2335 4458 5826 3671 792 1160 8249 468 6263 5327 2389 6829 1892 2741 5643 302 2420 9801 5745 1843 4485 6782 8810 2105 8928 1954 6014
29 4523 3209 6200 3921 4715 9761 167 2745 177 219 8760 4440 8721 6735 5606 8597 112 9553 9928 847 3178 7250 2284 809 4337 47 3474 3913 4901
29 5455 1753 9791 5377 1964 7482 7572 8791 8423 8182 7409 3058 292 3879 1914 234 1511 6466 5043 1400 4939 4558 5217 7306 6222 4532 3758 869 4576
29 2758 1599 9992 9251 1049 309 6566 6395 3780 9308 1011 5964 1320 412 3054 5095 4955 762 9266 2974 3296 9649 2199 9022 7517 7156 5618 1268 6216
29 2223 3198 8386 4067 8906 3283 6500 1151 8848 7703 3742 7000 2148 5848 3646 9666 3499 1789 8259 6957 3140 5576 1129 6040 235 172 3030 6142 7502
29 7678 1817 554 1860 7985 6767 5499 5157 8251 5355 594 3146 4456 8775 2800 998 8288 2411 8571 6604 9234 366 7659 6 4798 5950 8374 6732 6065
29 493 9360 8125 5031 5116 2201 4183 3326 7592 3234 3835 7423 4667 8446 5720 4230 4232 613 355 6314 4233 3624 6241 7074 6745 3760 7371 1946 5987
29 3448 4949 6796 4318 8699 1264 1131 8718 8441 987 2055 7706 5834 5854 3034 9595 407 834 7133 1733 7971 6109 7252 1878 8736 516 4674 6061 2518
29 8598 5325 548 2933 3259 4697 1138 1784 5887 925 5059 7400 8507 683 4598 3896 2889 5493 8429 5605 7749 9333 8388 6631 4020 3311 6722 9847 419
29 691 3720 2785 6935 2767 3716 5683 9745 6764 3304 8131 54 1695 8482 3941 6462 2466 471 9929 3485 1332 7145 9789 5665 3859 940 7861 7854 4275
29 1666 1824 5984 5237 2293 7723 489 7866 9457 6160 2509 1002 8448 8371 1494 6540 3650 3193 9706 5920 6373 6116 7895 25 4297 4981 5054 9918 5723
29 3190 1377 2330 4239 1024 8884 5058 8328 4880 8211 4204 7334 3721 3449 7739 5214 7159 9426 1246 8496 1569 7657 6771 4705 7616 1820 8978 6952 9741
29 5371 4980 2890 5185 9123 9096 9909 4116 9990 7597 8794 1166 7877 9233 1145 214 5642 1156 4202 9237 5165 757 4624 4907 2422 2523 1540 2561 5823
29 6613 4107 9037 6928 5855 5082 4093 7878 383 7024 7761 9857 6085 7150 6208 6904 903 8034 7003 4513 9026 3593 3977 374 3946 1263 1323 9782 6588
29 6096 8404 4632 8625 9612 3411 8526 7915 926 1532 4124 7345 8536 3303 8109 9616 4027 303 4498 5078 6568 1208 6579 9221 7411 677 9094 9607 2149
29 1111 2191 3128 9940 906 3680 35 1322 7316 7671 21 7824 7429 8185 4723 9196 6223 649 923 9807 9028 2102 1497 7440 1626 1705 2291 2804 9958
29 3660 2517 4568 7698 1175 8701 5682 3103 1306 5700 8358 1724 1405 4919 2615 917 8975 8310 7510 6140 2787 7862 8716 4681 2264 6305 7938 9724 6051
29 820 9194 1040 6864 8613 7144 7406 2748 5105 3532 373 5420 2382 7663 382 5943 4750 3004 3728 5778 8301 5328 4409 6569 3157 7478 3024 5007 973
29 3160 9246 9366 6655 422 2701 970 8968 5390 4306 3362 8008 7560 8390 4448 2185 5479 5688 8367 8208 6297 3032 9569 1686 4666 2942 6633 126 2436
29 9321 5233 551 6699 5333 5313 2154 6112 6436 4055 7484 1045 4658 8094 3894 7310 6861 9624 7141 8403 1343 1274 8104 4108 4411 2385 5375 2267 4329
29 9049 7047 5492 7552 1421 1515 1282 5850 4589 7745 8224 8878 3435 6665 7948 9729 8972 7129 6083 9946 2081 4755 4362 3081 8994 5559 2273 3422 8636
29 9392 4634 4122 6250 2860 2166 704 8620 1064 4736 4460 5480 3121 3251 7114 8942 7898 3960 1903 7826 5807 8382 1500 5408 7396 65 1184 1235 2084
29 6885 3877 5846 4769 6910 605 682 2531 4117 204 6800 7672 1933 2235 522 4373 4538 3602 1845 7070 1008 7017 3947 2991 1305 3601 2143 8683 4331
29 3883 7205 1842 2263 3811 1562 8176 3486 7163 4031 833 3055 5852 5840 1838 6365 3047 2663 9345 348 6605 3726 5765 4741 3938 205 4058 5227 4300
29 7782 3384 1196 3316 9735 3036 1055 9571 9186 3784 5238 4988 3834 1091 7130 9232 4970 461 1366 8869 1984 8359 9539 7354 1800 3734 1607 265 7899
29 681 5801 3972 6231 9621 1631 6710 5596 8005 3388 8877 1329 1919 3705 4199 3437 1887 5573 6443 3976 3093 5814 7197 6769 6366 3355 6496 5562 582
29 6507 6021 9336 747 2048 5860 610 7513 1127 9270 391 5550 3314 1952 3942 3684 4814 7999 5655 9614 6514 6391 9657 37 5864 3274 7631 8715 7690
29 1826 4501 7015 6003 8833 684 6816 2334 1253 4110 4898 7863 8558 1870 5075 4280 5590 7292 7027 6035 2816 269 2856 754 7094 8077 9438 1665 9914
29 2139 9054 5334 7922 9817 5949 1373 5218 8000 8974 3336 1825 9216 7118 831 2324 9214 8196 6526 2650 3935 8521 4036 6053 1947 1428 8290 3285 5517
29 5604 5147 9441 2876 1554 2352 1300 7065 8460 5523 3637 2426 322 7712 2893 169 2108 7808 3261 7582 9578 3087 898 9342 8197 9828 5970 9838 1766
29 3187 5837 5889 7982 4607 7485 2429 7441 3100 3865 6697 7939 123 9464 157 9421 9323 4321 4475 1649 3564 8557 3257 3706 8695 8061 7764 9431 3818
29 5634 7855 5475 5134 3150 9907 8754 9622 4185 8238 3508 6651 3356 9769 8601 1054 3639 6326 9867 9693 6458 2356 5649 6478 5391 4346 5845 4097 4347
29 4119 7794 9166 5129 676 6876 4309 1342 4758 6795 9835 2808 4696 6701 3175 9876 9734 8480 7023 9944 1026 3526 614 1337 8219 882 6404 9015 6614
29 2851 6557 8971 40 9669 5868 4302 7028 5748 3254 995 3606 7941 7388 3441 9877 8982 4103 6058 6691 8021 8430 6501 5101 8241 8830 9358 3059 8799
29 389 6791 1339 1862 9382 8765 2346 2744 9491 6276 8917 8505 9218 8020 6006 5695 5485 2309 5733 6020 4225 8748 3699 7052 5985 6667 120 6942 2388
29 3060 3860 8170 479 60 7249 7149 7777 5253 4264 4647 2891 3416 3321 5135 7924 8401 7591 307 1201 8704 885 7600 88 4381 1486 7319 6663 7456
29 5919 4759 8740 8875 1124 2768 132 883 4724 358 7815 2122 2495 6298 5581 6220 3567 716 2702 5602 4253 3689 6281 7868 9962 2329 9971 5204 960
29 586 9446 8710 6258 6275 979 8417 2908 8812 5976 1516 1395 1920 6601 8378 9668 193 8757 2988 5616 8212 5902 876 9291 8708 8218 3970 362 6787
29 7674 7186 6265 5115 4400 2126 3783 6866 8793 7390 5530 4101 5290 1102 866 2015 6376 1950 6853 4886 2543 8136 4176 8802 6818 990 6271 7178 7326
29 6340 750 8678 3698 5298 2036 2840 4395 3821 9153 2513 4028 5890 9414 4551 669 6170 6724 2625 4686 2035 5141 6489 2383 6356 9894 9573 9882 6090
29 4611 8546 1956 9732 6102 6520 5478 9439 9415 6296 332 4032 7443 3893 557 4421 3927 4704 9480 549 7599 3561 4613 2376 8247 8880 8270 3530 8618
29 9106 8669 5528 1590 6374 1659 971 7896 6971 2132 9921 1867 2262 4294 9923 3525 7622 3884 6695 1884 6095 3691 1628 5017 9353 5548 5489 503 85
29 2849 5955 5583 5669 8261 4005 4076 7872 3429 4174 9548 384 8604 909 1856 8732 1047 2379 4056 5139 1234 242 4296 1874 8749 5650 5774 4111 2103
29 6570 4574 188 2916 4777 8584 5052 6205 2142 3176 2068 2474 1034 2354 2704 1382 2043 1341 1702 4770 5620 3739 3577 1790 7746 4947 788 6133 9212
29 5482 2765 8543 5247 3410 7180 6304 6309 1777 3086 7036 5533 1003 1744 5027 4488 4033 9471 9726 4439 329 8101 9623 8084 6916 378 2380 9873 7917
29 3875 2198 5324 9459 432 1961 3949 6389 743 5425 9771 9247 6882 6137 4368 5299 4125 985 705 8525 5321 206 3712 1995 7121 6311 2031 7655 4361
29 3155 9764 9584 874 1505 3733 8375 4621 2983 2176 1694 1723 2044 1483 5230 5519 3418 8702 2271 829 6165 1699 6465 4908 6717 8658 5698 2668 6246
29 8995 474 330 1410 1152 2358 899 2238 7142 2989 886 7355 8939 6129 5716 3657 6106 5899 2453 7241 2880 8508 9108 6260 652 5215 7470 3080 969
29 7080 6543 9104 7458 7151 5726 2106 4472 2680 4500 7875 1908 5803 6114 844 5646 6924 1224 8291 7398 1157 7182 7055 4721 4936 8893 3218 6656 5193
29 6812 6257 656 3659 7579 2339 6622 6752 685 3785 9970 6183 2408 3981 2424 9681 8999 6946 7684 5923 4508 6158 8485 6619 4138 8895 9731 8470 6172
29 8172 688 8492 736 7295 7667 393 6522 5439 9737 8602 9502 9628 2811 4633 9283 4819 4836 7961 1850 7814 9210 5873 2427 4196 9045 5432 9841 2894
29 7320 280 3772 1407 7279 785 5867 6902 4874 111 9976 8859 3134 3778 6591 9424 8867 884 3852 6064 6700 9479 9063 1685 8637 5787 6094 2956 4131
29 4960 4671 5136 8566 1080 4408 8865 760 74 1083 5297 8284 2780 799 6375 7053 999 1973 8304 3445 2958 9402 2865 197 4877 1629 5928 5681 7492
29 9180 2713 5245 9933 6445 5945 4948 5170 5312 1519 1256 9993 4428 189 8761 7126 8276 8720 4860 5034 1722 9206 9364 3848 9112 6988 4422 3829 5921
29 7851 7297 5903 5553 9273 9629 9329 8873 6944 6630 1233 1709 3839 2014 8630 6362 6492 2181 9922 6949 748 5172 8633 2751 4271 9347 1672 7315 3708
29 7245 9740 3937 6871 291 171 9540 1904 7405 8123 6609 4882 9466 6182 2666 3344 6977 6315 1216 1116 4007 3538 5558 983 2862 396 371 1367 3595
29 9581 7613 9695 429 4529 4739 5348 9183 8518 9442 7209 5309 4547 3812 7276 5577 3512 7210 1684 246 5626 1514 9503 7523 2478 3583 8037 1690 8311
29 1769 4494 1746 7384 2253 6255 8634 4377 6559 565 8391 4533 9906 3317 2220 815 7673 8336 524 6589 7255 5995 4426 5158 717 9080 7926 1791 9895
29 1999 6982 4765 2399 2186 919 1229 1340 2917 2722 1837 822 9187 8509 1249 7184 2695 5810 7225 5288 6131 6477 9536 2250 4615 3207 2670 4767 3810
29 6975 1143 1712 3044 3954 4192 3033 9406 6312 3648 5413 8296 2276 3390 4779 6282 4693 8425 599 4301 1775 469 3483 9523 1958 7731 3645 2952 694
29 701 3288 687 3987 1197 4175 3667 662 3905 8483 1668 4290 6581 3730 1135 6134 2798 507 5980 1757 8340 8229 9433 7734 2203 6573 9580 1315 9577
29 5835 1492 4951 4650 6790 9258 236 6286 4575 8912 2078 3548 5441 3010 213 2872 4240 4094 1910 8817 201 4013 9377 5337 6828 6159 2807 9860 2507
29 2805 3827 5973 7219 8063 9625 8746 3871 5406 576 9919 6354 2685 4749 1094 7271 5648 3596 1565 5061 6401 1107 3655 464 9633 8750 953 2134 2980
29 9601 1573 7115 4937 4560 5896 8924 6369 1485 3069 7942 3298 6367 7532 9060 7556 1918 4493 8233 6571 8600 7594 5341 3752 2731 3457 8353 5836 519
29 5832 9213 5555 350 3620 8663 8381 4950 5084 7765 9067 8562 1934 3464 9177 1535 4149 9587 8626 3428 9319 9715 2553 5946 181 8953 5789 6898 7527
29 3425 9692 8227 5881 8530 3292 8756 4358 7660 1427 203 5963 5828 2682 7953 6439 3576 3085 7447 5697 2073 7827 8962 149 6002 5471 5621 7153 1199
29 7643 9443 8434 2858 2906 5051 5022 7489 4630 6567 7473 3273 4612 7740 7058 274 9560 8155 2164 8692 4203 9682 1031 2405 4984 3607 2059 2810 1648
29 9351 8246 9202 5153 1398 5144 4514 4273 9084 3212 2735 7531 4835 2675 1662 1819 7836 5825 8199 3916 2932 3980 8789 2197 5459 7856 5591 4063 9138
29 7914 2550 4259 3914 1597 2137 8957 1368 425 4577 5314 6252 907 9501 7586 367 6078 9262 3615 279 3843 5735 6986 8685 4688 2776 5736 5410 5885
29 1711 7545 3911 9755 9751 443 9504 5759 5053 230 2028 7108 8691 7025 1358 6166 8960 4191 7563 4670 8064 142 3578 3219 7705 4384 6524 6598 63
29 3831 7337 6992 9042 1737 8250 7361 8532 243 9178 5603 1754 6763 877 6741 5268 5394 4596 1286 3566 8361 7140 316 5521 2718 8195 2371 7996 7417
29 8858 1925 8927 7752 7543 4636 2622 6994 530 4864 3330 872 7340 6878 1963 2527 8599 6050 2131 3751 6934 315 4267 4510 77 4841 3366 2016 6491
29 6781 1512 1768 6092 4050 706 5351 6057 9044 1883 1349 1182 8855 4583 4943 369 1828 4738 7285 8703 9341 6089 5221 8606 517 9927 7772 5284 2288
29 8849 5535 4994 1976 2479 9719 8006 7296 4348 1007 4665 9654 6115 9845 5767 6451 6384 3231 8156 2898 401 5753 3374 2638 5527 6377 1727 8879 4644
29 3042 3704 5197 7864 4926 4001 7870 975 5401 1307 1290 7935 5830 9043 1458 7307 7630 2299 8643 3077 6118 6108 3994 2063 6577 6637 3468 3334 6422
29 4114 7781 5069 3903 8053 7773 5912 3281 902 4446 1104 8294 8665 5664 2939 8610 5447 8023 6678 9516 727 6370 7073 3112 2211 3451 8187 4635 647
29 526 773 3258 4802 3331 4677 1674 6359 9554 9203 8628 4591 403 7001 3801 9673 6180 324 4924 6247 4198 1155 880 2491 6709 6068 578 7718 592
29 6424 3025 3681 6402 9076 2236 703 9936 5176 4158 9720 8159 7990 8426 7702 8578 2432 3293 4842 6193 7057 4810 6239 5016 2844 5256 8574 8898 3082
29 5588 1539 8870 3149 2965 5436 590 209 1725 5763 9842 6927 3124 6684 6772 1416 2593 7813 7943 1230 1463 8998 1183 9978 8002 5926 7174 6480 3232
29 9714 3492 8399 7244 3 8072 1639 2450 7111 8040 5509 9780 228 7509 9552 3137 9066 7181 370 5630 3617 146 2392 5009 6833 575 4354 3529 7368
29 7427 6668 9743 5112 779 1681 4858 7379 6550 5704 3078 3407 116 4546 568 3674 3799 5205 8537 3337 867 423 7987 8112 5261 5276 9829 5991 7010
29 3363 1942 6245 8003 7367 8910 2018 7117 2161 4527 8894 1799 6178 5306 664 6629 9209 6400 9162 4846 2831 3750 1318 3352 1981 1385 4643 7747 3767
29 8232 4922 5195 7969 3442 9937 3091 8920 9324 8603 5781 3515 3147 6174 965 7757 9276 9405 4742 1273 4216 8719 2545 3141 9285 9064 1027 6546 7234
29 4804 90 3656 2 9033 5102 1547 8478 7483 2511 1986 7645 9655 6063 1905 4424 4623 5628 3244 97 5623 3053 5981 6248 4228 4274 9444 3555 7414
29 934 862 2954 2940 5171 4181 3242 3556 3711 8728 360 2040 567 3974 5220 318 4496 4847 2941 7098 9541 9146 1328 1479 1181 4380 6371 2007 3227
29 8097 2607 2554 3598 2815 3238 1521 1932 1730 619 5793 1444 9179 4180 7035 5409 7546 7217 7832 148 3397 6733 7461 7972 566 4895 4268 3444 9600
29 1579 3632 6600 2012 4249 6125 8012 4478 4025 7105 5601 9332 1436 3199 7233 982 5187 6649 6863 763 6107 8275 2905 9572 2093 1446 8298 6647 6479
29 4967 9887 528 7331 7867 7957 147 5784 6186 4396 1688 7068 4825 3502 6228 4414 5037 3891 100 9432 1384 3200 783 2964 6920 8731 2829 7165 7649
29 175 5326 4807 3694 7976 2401 2710 6446 2289 8493 4857 7928 9228 6908 8489 2300 6204 2792 9779 967 3189 4859 2336 7583 2498 3197 9388 2936 7207
29 4904 5097 5934 8120 6284 9097 4313 2774 2179 2538 59 6999 5024 1261 1667 1783 1673 7823 3822 9396 8181 8163 8852 7717 7508 1967 8774 2582 9604
29 8057 816 5564 5127 404 6481 8320 8488 1354 1032 3379 9728 7404 2404 4128 2125 3814 2047 3737 1101 9102 2317 6774 4959 79 796 7997 6179 6627
29 6392 2086 6888 4327 1608 7980 4694 2536 9781 597 70 8857 2878 5782 7557 4839 4656 8587 9676 6558 6641 160 5381 1930 7807 5734 1638 8479 1445
29 7426 3076 4170 288 2578 1588 2439 4387 1802 5071 3280 6648 9651 7288 5379 66 9409 4648 3007 9644 827 9086 5155 2778 486 4437 2444 5418 9346
29 7584 286 3630 9930 1429 9963 6519 1917 4003 2947 6820 4720 510 8963 2010 6380 2692 5957 4719 9230 8735 9449 821 485 8845 8484 7839 3188 7264
29 3491 1030 3460 7648 2430 9678 5188 7768 4799 6515 9562 9862 5689 143 305 4072 2740 226 7064 3394 7 1202 6541 4593 9208 5685 7123 2587 5255
28 1587 9157 8903 1275 4622 9777 8970 9350 5168 6344 8147 7377 7007 1847 7099 2283 4051 5464 9730 6270 9639 8102 8739 6077 8146 4197 4512 8351
29 8220 9727 7397 3099 4710 1913 3804 2771 3430 6097 7536 1206 6025 3807 1451 2287 2727 3432 326 8795 3787 4427 6702 6076 1474 1288 3202 4364 6575
29 9435 4349 2365 6168 7416 1257 8178 9795 841 5843 4822 9029 6378 7884 9381 4139 9387 5003 6527 4159 4626 723 9198 5342 251 9113 3305 4419 1154
29 6423 7179 227 5751 2141 4587 2920 0 3770 6824 7305 1215 1085 7104 8560 361 7155 1645 268 5267 7548 317 1447 4366 5795 2848 6332 8307 2451
29 9488 9288 915 2305 4910 9590 4323 7751 8322 7097 3364 8191 6368 1467 2845 8713 2485 9647 8016 5335 6122 770 7967 7524 2311 8416 8589 2157 6091
29 8424 9440 1531 5815 7986 8766 1203 996 6162 3340 1643 5169 3127 8384 3063 7615 5958 1611 3248 742 5866 2210 2784 6293 3649 9030 8771 8631 6148
29 6808 8961 5721 6155 5910 3412 6826 4642 3185 9883 3794 4564 2066 7792 3889 5356 8087 4118 424 1084 2628 5992 9167 8747 9805 8305 1678 9109 3399
29 4078 5130 2855 3560 2535 6912 7327 150 980 465 6856 8832 1698 603 751 2193 6146 2070 8984 3788 3749 3221 1297 2065 7770 5526 2075 2528 7364
29 9141 7006 3471 9304 5968 5654 2609 5587 4083 6084 8617 3631 5282 4986 8338 8990 6518 6494 1471 1075 707 3294 7512 5660 2819 587 2895 8265 2107
28 1717 1387 1491 7894 6237 1430 6551 9943 4044 7812 5906 7525 5497 1642 8140 4676 2341 1336 8671 5047 9663 3864 9101 3948 8935 3057 9968 4418
29 7662 1130 7439 9352 8074 8966 9494 3203 8641 6329 9281 4021 1244 7612 3477 2508 3895 8116 4187 342 6608 5449 8160 1978 7923 4913 1991 224 6207
29 4852 9031 4238 2244 1890 3122 6341 3858 2477 6277 4833 9952 1303 6721 5947 5775 4838 5331 9896 2827 5788 9369 2987 9886 7544 4561 4353 212 2423
29 3516 1415 8934 4006 1250 158 9803 2409 6300 400 9500 2255 3798 4423 1461 6837 514 5989 1190 3475 1987 1982 2160 7505 5725 3653 6320 4771 5107
28 3766 6319 1186 4279 3177 5990 2918 5506 1603 9317 7091 1023 5611 2944 7491 8168 8614 9981 3433 8705 4220 284 2079 2328 8803 4224 6189 3870
28 962 4447 7529 4717 1267 2912 8410 5376 2403 290 878 300 4092 6176 9091 7069 6306 5098 5986 5179 1438 8342 5305 814 6136 7741 2467 7555
29 9861 8128 9361 4099 5456 3610 7719 9892 3882 8289 7407 7076 865 9160 4851 8095 7514 6124 4911 8 3793 7818 5709 7602 3196 4872 1150 8180 6906
29 8980 8730 1807 6117 8273 6016 216 8022 1810 5012 1622 642 8956 6915 895 5546 3574 650 1480 1940 3597 9013 4265 1375 3014 8582 8941 7568 1289
28 9159 8468 9075 2228 1558 5705 675 7541 6553 7455 1226 9983 3456 6508 210 7515 4843 3125 1955 5164 1755 2575 2597 7644 1543 9774 3956 3554
28 2600 1831 810 3919 5400 7436 6658 3625 200 4559 7037 9821 2852 5073 6483 2326 4525 1033 3621 9532 2180 9305 3498 7601 5386 3173 6435 2296
29 8544 9038 416 3476 5999 4983 6703 9395 4194 8476 4140 5124 3360 6406 5972 3616 1886 5399 500 1164 1945 2476 7498 3729 2866 1015 9152 6843 5453
28 13 1125 6093 9019 2752 6292 8933 8673 5878 1317 2629 7983 3284 1829 6414 6841 1977 2087 4399 7646 8069 8531 2437 3510 7518 9765 936 2634
28 306 436 1704 5997 780 1923 1412 2950 5757 4363 2030 4869 331 4603 8621 7124 8996 2227 8563 454 1696 29 5589 5677 3936 8776 2481 7947
29 1813 3210 3701 3201 434 4817 7375 2738 1895 3481 1419 545 2606 6272 7146 3250 8210 4085 7433 1901 6019 2377 9514 948 2938 3289 6513 9404 7796
28 7653 6897 6640 5128 5226 8108 3917 9533 9851 7784 6138 8815 8538 9792 3609 611 2364 325 4372 3967 3966 137 2612 7551 3909 8060 8640 277
28 9543 9718 9747 7449 2353 8575 9665 7840 5159 1693 8213 7766 6510 7242 8254 3978 5484 2806 3031 864 2366 6592 9508 5232 1266 9398 5481 4712
29 3709 9561 457 3781 4186 6322 6411 1898 2064 9274 3608 4383 8337 3759 1853 5971 9040 9776 4572 6043 6831 4971 1443 2115 1119 390 8744 9802 4087
28 207 2766 7871 3005 2239 1969 8500 4566 3341 1242 2522 2178 4430 6337 337 3677 7803 5419 9641 8767 6067 9722 8632 1716 581 2357 7474 4014
29 9413 5383 1556 2459 229 6242 4795 4692 1759 974 4684 6997 4376 777 914 7013 8370 7585 1625 9521 4709 7263 5085 6086 8712 3168 1473 1212 9307
28 570 4662 3534 8885 8751 4628 3225 6212 7755 871 3925 1460 6018 9844 7859 6048 5627 4162 7632 5194 1077 5710 9193 7342 5936 4735 1327 9827
28 3387 9248 6294 6363 3323 2218 6007 6817 2233 7304 7816 7267 5118 6060 7363 96 5531 588 1291 2515 3933 3358 7101 3998 8117 7261 3957 1099
28 3423 994 5653 7253 5658 4718 2642 3513 720 1676 2931 3490 2416 406 533 1439 101 5236 6967 2696 7565 1687 7619 9953 1509 7223 4832 3808
28 4753 1846 8080 667 3992 5542 6105 5875 2525 2071 3546 2935 71 7321 9299 1713 7206 5422 4595 9512 433 3673 349 1538 2709 7968 8784 9768
28 7277 8896 1805 9039 3050 3275 7239 435 4004 8025 3791 5699 2520 198 3983 1496 6302 4865 8198 7325 136 9331 1086 1877 9934 2737 9866 977
28 8078 8183 7402 4909 6351 2873 3019 7880 9338 1118 7336 9704 5913 8925 7012 6075 4492 2307 4023 4330 1355 8738 9948 2953 509 501 7965 9163
28 8099 9662 7695 2042 4386 1575 2391 80 9853 6015 6171 3434 4179 2743 1530 8031 5539 2113 7732 8086 8664 4968 8169 8788 5711 2345 3008 6017
28 2863 4303 2152 4535 421 1217 9961 4809 7916 2457 1092 2647 8231 8334 8341 3853 6714 8321 6827 7550 9357 7204 5300 6499 9517 4695 2814 5473
28 6197 9688 6595 1100 7232 7715 2375 5742 252 9254 6989 9703 5905 1761 8901 4258 6802 1240 7093 4778 7819 5025 372 5702 3547 4680 8062 6088
28 1572 8394 6151 2469 6113 9549 2301 174 2961 1971 8330 3507 2877 8066 7493 5652 2111 595 5708 6555 151 8079 3447 5515 5882 3092 950 6806
28 2672 7639 5213 6493 1053 6868 1487 2136 420 734 7257 301 4295 5427 7088 7763 6807 756 8997 8822 2605 542 186 9074 8846 6798 8539 4037
28 2209 7566 552 9632 7650 6211 8564 5010 9808 1089 2725 7213 1044 339 2739 4080 4800 2229 3776 8098 7198 1859 7139 7595 20 4762 2969 6173
28 295 7511 910 1520 5598 8421 9955 9975 5570 363 718 2325 115 1406 6418 3672 7750 241 2723 4972 1200 3591 5184 8823 3354 5491 1211 7908
28 4322 2297 256 16 3702 8046 6634 3830 6328 1671 5311 2412 2859 9694 2981 8908 9893 6288 6958 6023 5414 6903 3995 9924 6327 8272 6498 537
28 7418 159 7496 8778 6283 3347 6299 3558 4190 9126 7503 3955 8605 7809 639 6226 5541 6965 1806 5362 7420 2934 828 8203 6013 103 7934 5470
28 3922 5388 8166 3867 82 4314 2298 7227 4938 6472 7925 3553 7989 3065 4761 5758 5239 9653 3638 7640 6645 622 699 5560 6660 166 6737 8964
28 4398 4246 9200 477 4195 504 1689 3651 1839 1248 7727 8967 8661 4218 4276 981 263 8119 7127 4899 6913 3823 3154 3687 5196 4600 6626 1990
28 4760 4397 8415 8052 6410 6822 2782 3439 6236 1259 9815 5291 8989 5761 4157 6545 9297 3419 2402 7959 5722 520 5234 5996 5813 6008 7921 7533
28 9168 9538 4773 4896 3907 5797 1804 117 6163 7664 7243 2153 3795 4090 6156 4335 9169 1780 8300 8457 7497 6290 5776 640 1765 2911 1136 4690
28 2378 275 7251 2472 663 7721 1198 3170 8274 5879 991 5818 394 9279 3514 6998 6621 538 7208 672 6259 8157 6583 714 2627 6028 2349 7187
28 6950 2864 9756 1772 1600 2775 8093 1944 7993 2595 4431 4582 7237 8842 2546 4883 9469 5389 7350 495 9775 4242 5624 8363 7463 2959 8092 5240
28 660 8121 2442 5632 9899 4082 9407 5177 4017 5100 1749 686 3635 5993 8348 254 222 9671 2272 1729 1605 2190 459 9065 8018 3906 2985 4605
28 3873 8383 9635 9804 5520 6844 5619 2794 4193 5568 2763 7188 9833 9010 5006 7172 4522 6712 3539 9566 9843 3309 1005 9034 1316 9422 4940 6865
28 9888 2847 1021 7481 2051 2024 2673 3587 9289 7835 1526 3817 2900 680 57 938 9140 1581 7357 6285 8785 7452 8188 9766 9788 1022 696 5273
28 577 9498 8952 9224 6563 515 7464 7960 9425 5133 972 6224 9618 6253 6398 2475 1050 5212 4763 8397 4234 8428 8706 2926 5110 5918 7004 3048
28 9890 23 8592 7516 5258 7679 6727 7561 6750 135 8215 2913 3488 8038 7431 802 1169 3184 2602 6381 1324 6852 932 6141 6784 9586 1313 8114
28 5014 3235 3051 69 8936 6753 930 5223 9660 1020 9910 741 2818 782 6450 9312 7221 3885 3718 9088 9298 8344 7799 4222 8110 3663 7424 6279
28 5057 3929 3899 2169 9095 289 8834 6361 6535 5403 5036 5404 5847 2984 4120 8283 2653 6725 6775 3915 9834 4729 9348 3351 730 5729 8548 2565
28 9696 3179 2874 850 462 9241 6643 1258 437 2552 7131 1069 1144 4343 2369 8688 5040 2910 759 176 3497 1232 607 6797 9143 1601 8151 5044
28 9111 8472 2000 7060 3417 8418 1542 8553 5969 1301 3743 8907 1489 2973 6426 4146 8667 354 7262 4429 4245 9259 6560 9069 7970 5285 1739 4871
28 4661 9447 7475 2971 3707 9773 9356 7369 1767 110 6225 1402 2998 2500 6502 9122 3740 3325 9611 9171 7945 3990 8838 8174 1404 2904 3279 1773
28 3249 7606 5209 4217 6177 4053 606 9753 5862 7661 4178 8347 7056 4713 9996 9325 2312 3046 4086 46 9926 1501 8763 5538 3940 7951 4791 8753
28 152 7539 1113 896 5829 9915 1004 311 2281 6708 7071 7958 3241 1721 1142 7385 5056 2333 2045 2127 155 4537 9301 9032 196 2041 5635 6135
28 9014 5557 8969 6936 7519 9027 4722 2266 4444 8593 2547 7282 9739 7005 8796 6611 8028 3253 5799 4464 579 708 5180 8535 7542 6303 561 3071
28 2586 27 4503 1051 2135 6966 473 2574 4640 8477 4201 5083 8591 4074 4226 4902 2445 9534 2639 7634 1528 1646 7480 8777 7991 8916 9349 4875
28 7633 1035 3027 2769 2914 6485 3114 107 5911 7330 452 1163 709 1418 3461 6698 1088 8396 6195 7956 1251 1162 8742 9124 6059 7029 8619 4747
28 3902 846 191 9606 8193 795 7412 9182 9949 5474 9090 8552 8035 2657 2671 3605 4740 3327 9144 8580 9938 6342 4155 4884 9710 4518 9100 3006
28 8946 7175 8286 3950 9754 1293 5201 7338 793 5407 532 2548 609 4045 48 1114 8226 180 5977 7366 8806 8951 1669 3450 6490 3120 4714 9343
28 7937 8653 6890 8547 3623 5229 8285 3420 3654 6847 5647 7873 1948 9389 8329 758 9427 2975 9316 3282 6880 1827 8772 8955 1333 9904 1928 9481
28 8044 8364 1285 2599 7575 3836 4069 4251 7693 7401 5175 8144 2092 8814 7831 9197 3837 7189 4357 7506 4154 7562 6602 3111 616 4352 2099 8932
28 78 3665 4088 1835 5940 6123 1593 4356 4521 1792 9917 6460 6206 805 3026 7681 7626 4609 9758 1180 4073 4620 8985 6022 7280 7214 2594 5988
28 3592 4805 8073 3264 9515 7430 2608 9648 8528 6860 7522 6674 239 3269 4471 86 8139 4035 9701 2449 9519 4283 7977 9020 3717 7726 4556 6055
28 5465 8568 1330 3682 1220 6794 7691 4089 3912 3774 8677 8413 8435 4925 3747 958 8534 4780 5931 260 725 293 2340 6431 2537 9687 2532 2661
28 1109 8504 2813 9128 9397 6766 1414 7393 3544 8655 3228 6454 9158 6484 7844 2949 5880 8313 976 7095 6834 4324 2483 2559 8979 3148 9161 5561
28 4071 4796 4751 8745 5460 4867 4486 3520 9994 7374 2373 6434 5894 7973 947 5956 4438 398 2592 657 6031 506 5225 8527 2510 2268 3872 6121
28 8786 9243 6857 598 1776 15 8609 2687 6473 7743 9368 1589 4147 3393 2342 9794 955 2492 5927 7825 5743 8411 7857 1951 7791 3652 8945 5033
28 4182 7704 2649 3932 7116 5783 5857 1299 9451 8309 3110 933 1126 8015 5067 3370 7081 9998 1743 8662 890 267 351 442 7788 9987 1697 9643
28 4768 5939 5886 6961 9190 9874 9121 9583 689 3487 8318 9677 7949 9824 9707 3897 297 536 8056 1844 2455 2089 6661 9557 2094 8682 2620 7907
28 1048 596 9470 8841 9967 9721 8727 5396 2562 7462 7950 4136 7459 6457 585 8190 2419 9528 4861 9199 2222 9472 4319 5819 1396 9423 4586 2155
28 102 8406 2557 4957 9150 3118 7910 2232 9149 8206 7767 6582 5428 2165 7587 3067 3971 9567 4451 5099 1949 9610 10 2046 1937 5092 9786 6537
28 1574 3247 5908 130 2343 8954 6616 8577 8541 3320 9035 9664 9370 2056 475 2581 9513 1584 6232 5891 4022 1953 6858 7289 5549 6397 119 2406
28 4473 1191 1751 8733 3367 7176 7299 499 3715 6268 8260 1630 2465 1879 512 2256 645 8866 6964 3342 7254 2875 3586 6339 9476 3328 9645 511
28 746 5944 6959 5387 3764 1276 456 674 8687 7651 6033 2188 387 3585 3096 5978 1613 4541 2344 7067 8091 8635 6909 4416 7413 4954 7850 9192
28 9189 1359 7380 9891 2633 5 9467 2433 8316 323 6914 6813 2080 6945 7265 6930 3535 2173 7624 1394 4528 9468 6139 7683 7164 574 7593 447
28 4466 1425 8134 3855 7528 397 1592 6744 3500 4691 5350 1915 55 5015 3271 8175 2110 6387 4826 3012 5892 5824 6593 6838 6533 9293 8583 1993
28 9340 5336 2069 5483 5148 7728 8111 6274 8398 1039 3986 1880 1650 3382 2464 7378 6396 1640 1624 5641 8863 2579 8647 3098 7386 2616 3381 3876
28 7256 612 1924 1675 5181 2677 7201 8911 8876 3908 4497 6773 6948 2903 9359 8759 3869 8082 7762 4863 5203 8474 9950 7618 621 617 3062 2678
28 5046 1595 3575 968 3291 5883 8958 9986 2601 1545 8862 1988 5974 8255 7692 3961 2231 9174 2726 6132 7085 8408 8433 8555 2567 6074 5257 7460
28 5062 6001 4169 8324 3391 7286 3479 4550 8627 7415 161 8222 9222 6291 5202 2187 6009 444 3945 7507 4920 3676 3542 1347 4702 3962 6947 3504
28 2823 2090 8850 3172 6516 3755 8050 9107 3724 5142 715 5701 92 7043 153 1122 2568 7231 2473 6896 1432 5715 1857 1580 7152 9474 6960 9354
28 7148 3452 68 7744 9139 2519 1854 8741 1549 4652 2924 8813 1176 9118 6692 5378 6079 9487 8331 3999 1478 8065 5286 9277 8559 2544 870 2719
28 1965 3628 8017 2384 4476 5307 8913 4734 2207 2009 3506 4873 4132 9261 9024 6438 8497 9070 8419 6549 8405 7389 695 3459 1762 8024 1484 1185
28 3216 5467 4808 9385 9454 6657 9055 2337 1028 6037 753 5694 9300 9185 3401 9570 7737 812 8839 4725 959 9379 7490 5359 6704 3979 6217 2783
28 5552 6980 8026 4824 8234 3186 4597 8463 2937 4958 6210 644 5200 7588 4351 5565 8773 247 8608 347 5143 897 1311 8542 7521 1071 9650 7886
28 4141 2496 1670 9984 5151 7952 4307 3604 4457 472 8067 2887 9303 1621 4637 9617 7912 5692 508 4806 7669 6467 823 2812 9134 7089 5021 6625
28 5798 2803 5938 7191 1855 738 2770 4524 2318 2654 6918 5998 2316 7077 4277 6453 6334 2660 2022 6333 129 5250 9450 5629 9900 6762 3826 7471
28 3145 9957 5966 2963 5244 5210 6221 9380 5369 2183 2867 2857 4985 125 8762 8051 5199 4654 4604 9746 9265 1782 2824 455 2505 5849 6269 3021
28 1408 9589 8297 5349 9268 9708 1996 2313 4341 6872 5578 2120 1128 861 2970 3301 6953 6487 2596 5087 786 5452 6273 4061 547 3308 6842 4625
28 6845 6770 9568 8717 1210 8992 6859 9172 2274 1980 9529 6954 3622 1352 5191 9292 56 7570 7314 913 4102 6723 2109 4369 9863 467 4897 202
28 1466 6488 446 4480 1465 8266 7538 1012 4145 4785 1861 4375 6993 5450 1719 4109 2245 440 8444 165 6081 3133 8929 5764 5275 852 2968 9556
28 4115 3181 4757 9966 8162 1283 4975 4672 3777 7955 8573 2656 7846 7962 2348 2979 4610 4534 2460 2023 6243 5922 6981 3527 7192 4698 4502 1778
28 5500 4236 4481 3951 8445 5318 8201 5457 8783 893 7284 6238 5332 9455 5072 9757 1117 755 9875 3217 1513 9496 1900 9524 3710 1655 7903 8887
28 4801 7030 1816 7724 653 2394 9238 1735 7869 4542 4064 997 237 9367 1353 6350 4059 6343 6734 3052 1357 9605 826 4450 253 9463 3868 8194
28 1808 3782 5206 6474 1178 4304 8239 4745 4562 2083 83 4266 6213 2082 5752 3458 386 4010 9530 776 458 217 6799 894 7858 1464 282 3570
28 1472 2583 34 9592 5585 408 9546 3182 7202 4929 3863 8437 781 6471 1706 5737 7236 744 1591 8856 5663 2421 4012 1454 9705 2999 7697 7049
28 666 352 5865 6032 2085 6554 9223 6393 2039 525 1435 4515 8938 863 4855 6111 5248 912 4359 3600 8059 4173 195 7457 6654 3522 966 9799
28 7901 405 7014 8438 5308 908 2644 4048 1121 4095 3402 9871 6780 918 5732 5746 6353 6760 4653 7051 9275 1658 2978 8520 5805 5780 6235 3634
28 445 1271 450 3064 3009 8681 6427 2853 9314 1692 4941 6552 8248 1936 7167 6786 9683 1732 3549 8312 6070 6455 9004 6534 4973 8011 4962 2623
28 602 3496 2836 961 2555 7381 941 6747 2832 4997 2943 2948 1459 1188 9935 2888 6403 9551 2259 4928 5656 9399 8622 4320 7617 6673 1106 1864
28 4077 4989 2005 8130 2747 4355 2637 2674 2175 6715 3484 3563 5869 2576 3786 9050 9021 7975 8054 6894 1534 3626 18 8770 6929 2189 4345 8096
28 8709 626 7183 3322 5005 2569 4703 484 943 1082 9812 8734 6082 2645 8871 4845 3204 5498 244 6987 4675 3469 5719 1786 8782 7789 1399 7911
28 3236 9417 2777 659 4144 6262 91 4487 2707 4638 4130 8892 5162 4161 1504 8373 5081 6689 6054 4711 8354 7665 5445 4905 3988 8501 824 4539
28 8561 6597 7173 6889 5423 4104 4221 1888 266 2320 8245 6449 6386 5265 4317 1221 6850 3824 9985 3761 9373 4912 8088 8779 4291 1105 2493 496
28 138 3482 5077 8049 4200 3537 6099 106 5278 2646 1309 4565 6352 5909 9796 2278 4509 17 5853 6984 7920 6840 4790 4927 6867 5543 2556 1177
28 8346 2795 9951 1417 4126 9391 8442 7675 6331 7135 8089 39 7589 4602 1409 3886 335 2488 8230 2871 7302 9306 6911 3369 1798 3985 2585 3642
28 9988 1038 9492 5310 3139 8937 9229 9461 3018 8150 1647 7009 8666 7682 9326 7558 2697 5393 9473 9711 2486 4484 312 399 192 7900 5050 7775
28 6229 3169 7979 6030 6869 3332 4673 5556 3158 620 5584 5442 2121 2413 559 3470 5487 1502 3414 6529 7269 2669 3224 2104 4517 9164 8402 6596
28 671 6154 5113 9052 2168 1604 3669 3480 1897 5687 9760 6693 4402 7290 7882 9598 5295 2899 6839 7780 7434 1019 8179 7453 1393 1010 4135 1793
28 3233 7494 7011 5109 4834 2101 5079 7356 5935 6233 8623 9964 5417 4417 1137 1598 9999 5385 772 2750 7686 1481 6899 6907 9001 8891 2431 900
28 7828 9826 271 3278 1758 9462 8790 8646 9954 6385 6705 798 6728 9736 1171 733 6758 1623 7573 5338 3658 5437 5039 692 6415 8596 4516 6730
28 3815 8590 1067 9559 3557 949 3541 3904 194 5508 648 1172 7247 6996 9344 492 2290 1231 6736 2861 4308 2529 9977 1957 7738 8792 2215 2630
28 724 9136 4660 8949 3744 768 4231 6419 5301 6711 9110 2610 2577 7696 8148 8860 1537 7410 1823 272 9493 1153 6209 3842 749 3668 1559 849
28 3581 3551 281 5895 952 7259 9585 9133 3215 2955 1158 5000 858 5048 7199 4113 7834 5272 7333 9009 668 3861 9819 9253 9148 3421 2850 1627
28 7735 3505 5917 817 9816 2167 5323 9078 4263 7709 569 2116 9309 6399 8475 131 4555 1578 9511 3000 921 4569 7897 8032 426 2716 4256 9255
28 9814 5008 128 1700 2930 9147 1750 8001 5822 8988 546 636 4425 4098 6895 9810 830 8420 5463 4491 9574 6101 8965 1728 5809 491 2781 8816
28 804 6671 3383 1926 357 5525 7061 6295 8840 2558 5983 6814 3849 9 9390 4112 6884 1941 9783 9965 7904 712 1731 1281 4995 5609 7066 5320
28 654 1312 8143 2252 1644 7974 33 6409 7078 3166 6318 9092 2017 2761 693 7779 2327 2128 3773 5111 8809 2074 735 978 9679 769 1350 7063
28 5030 8948 5740 7020 5117 238 6676 9762 87 4792 6574 7059 1796 4617 7725 4340 618 2133 6307 4668 3270 7169 4336 1682 1227 448 6240 4789
28 1386 476 854 9219 8237 2221 385 2410 6584 1207 8253 3982 3543 4578 6670 7212 2564 5672 7168 122 6886 9603 9181 3727 6169 3816 3633 5392
28 8453 7216 498 170 627 9165 690 6652 9267 9818 4728 3846 3095 4743 1552 9400 3043 5640 1058 7403 139 2117 942 3045 8100 7804 5915 2504
28 7760 6062 8977 6234 9640 4393 9599 2489 7468 3398 9173 8976 3584 8886 7893 4756 7889 9509 9085 2458 6071 8126 3996 4008 1975 7435 1345 1868
28 4764 4066 3501 7351 5182 208 5435 9898 3802 3989 5440 2643 2842 7258 2837 5730 4106 2321 6505 8656 7193 4000 1974 5615 415 2907 3106 9527
28 8372 523 417 8464 8820 7621 3997 2435 7931 5045 5951 778 1962 6044 5718 7564 2972 2929 5750 9269 3924 2655 5657 9878 6921 24 2925 5269
28 4935 7720 4996 3350 8204 589 8831 4315 4325 5068 2590 1292 4992 3806 3108 3287 8707 9709 7283 6803 2196 6066 8902 6688 1939 2881 8412 3107
28 2993 6425 8400 5668 3696 1076 5863 2331 5821 1872 8808 2502 6612 4420 9453 1488 5001 842 4618 5094 5933 3521 4979 4608 8081 2441 9188 711
28 4189 4392 8851 9378 6073 4567 2838 5163 8680 5023 9526 6849 109 1314 2032 6594 1161 5631 4837 9125 7444 8014 9903 8058 6532 1615 5216 4594
28 9215 7487 8431 540 879 6985 5580 9880 2303 9093 5501 5811 7300 673 1392 4378 6104 3594 5572 3792 3115 1110 8556 2721 5466 2008 6149 4821
28 6891 5613 7309 1809 5680 2279 4282 3803 739 9260 2100 1524 2314 1294 30 7758 7733 4070 9518 6004 728 4462 2729 9082 9912 5678 3901 6164
28 2414 6497 7358 4917 1123 3851 3001 7278 5146 1269 8153 359 5579 2534 1726 9483 904 7848 8379 1296 410 3165 752 8515 7810 5161 4540 5690
28 7229 4878 4944 1614 3845 784 5925 1302 1609 4888 8214 2946 3819 3700 9931 6851 5174 1931 6528 6219 2461 1331 1527 2398 5536 3697 4707 7641
28 2652 6347 89 8890 3405 1441 5125 800 1098 4272 7776 2397 916 8142 4776 7909 2945 3408 2997 7685 7266 9859 3910 1470 6181 4827 9018 4977
28 8551 7096 1140 3462 7603 73 5353 1541 3156 8944 9839 258 924 4160 2540 6644 1858 5773 6789 7160 6194 7892 4468 7119 2054 9003 6157 124
28 993 8205 702 2570 4655 2801 8494 8292 3887 5119 38 7785 6429 2730 6742 6530 7932 6249 8973 8452 364 5872 9661 4584 6308 6184 7841 3375
28 2636 6683 2418 6925 9772 53 572 6738 9798 9889 7352 4892 4599 922 5426 635 9077 478 8113 5754 3230 3613 5575 4664 2703 4590 3540 9969
28 8595 8447 5529 8624 9627 163 1243 9310 8638 6412 5592 76 5411 3568 5804 8129 3013 1213 9920 4854 9048 8202 1112 856 2779 2119 2213 8805
28 2156 7343 336 3763 4152 5224 8798 4134 4588 5384 5192 7432 1097 8864 3152 5982 8029 481 9749 1335 6047 5518 8323 818 638 7246 836 3531
28 8090 2351 5898 2304 3898 7668 2868 2247 5434 5028 3277 8931 2390 6749 1063 2753 8217 1720 6127 8524 2347 2619 2302 737 731 6029 1875 8696
28 5703 8207 7421 7161 2966 1794 9989 1174 9854 7062 1708 5405 3415 7623 6147 7200 9419 8041 4879 7547 6923 2363 7754 9667 9099 4552 7294 7722
28 9872 7946 3579 7798 4784 1760 8569 9362 2001 7419 3825 4344 8686 5330 6696 3343 7500 9465 4786 1065 4932 4075 2025 5294 427 3083 4923 4184
28 6190 4474 7694 1278 9752 5522 9456 3489 5496 7876 6586 9497 9250 8915 3888 9564 4570 2521 5103 7797 5544 6420 2282 1254 8516 8487 5717 8392
28 2648 3533 4068 2037 4629 4887 3205 927 1132 4679 868 3454 3094 7344 6338 4934 4054 5651 4133 853 1703 543 9905 3214 8164 3226 6955 7540
28 42 8835 2604 9956 3455 1612 3079 2797 8993 6364 9087 2826 5451 3132 6433 5924 9674 6045 483 4876 7034 5011 1997 8554 1115 1369 2249 2611
28 395 8366 4507 9785 931 3267 402 9939 5343 5397 1168 1389 2033 1498 8787 6119 2292 2690 6087 2688 3874 8010 7666 3661 8660 937 4526 9558
28 1577 3775 7329 2736 6995 6379 7944 5639 1620 9376 4544 6585 2790 376 1517 6968 9295 5340 5431 658 7293 6080 3426 2927 8981 7002 5513 7348
28 4052 534 3339 7707 9484 2992 2129 1167 4889 51 3035 1214 9278 1661 7238 9852 3820 8900 875 7874 4744 5358 7360 4631 2571 556 5897 7272
28 7313 698 7611 9130 1448 221 164 3984 9220 9634 8369 2370 2833 2632 8490 8295 5013 6476 608 6346 9245 7465 4999 3800 7106 8228 8240 2494
28 601 3119 7638 3746 2323 4252 320 3299 8042 790 4945 6456 7308 9672 920 1567 6617 2270 2598 3738 8030 9205 7486 1378 4479 3345 8132 9982
28 9925 6720 4091 4 8471 3722 9394 2728 8874 8466 4504 4952 9311 1873 3723 3102 1848 2839 9429 4554 5089 6316 1017 3208 7166 5667 8268 2367
28 8724 1062 5476 460 7383 5610 3573 3195 4247 615 2651 4823 1490 6026 7075 2757 4244 840 2662 8825 162 8449 4505 2962 9698 1295 4866 9941
28 2563 2202 5914 2573 6444 1787 5228 6470 8642 7670 1564 4284 5063 8137 1070 3213 8519 3790 7964 3789 2159 8888 7220 3588 5569 2067 2786 8314
28 3590 5241 8797 1822 7177 7488 1344 2541 1871 3565 3797 9057 259 6892 5104 5505 8758 285 5636 1561 3338 9225 3838 8306 6360 5948 7537 233
28 9211 1424 1192 4311 9428 6464 3335 1707 9531 5055 3892 310 2463 8436 9547 6565 1225 5150 4853 9386 2002 9879 5120 2618 3993 451 4775 7936
28 9371 1896 8481 273 1390 1740 956 5772 5769 1096 2760 584 8512 58 5727 9098 8461 4299 631 9000 6642 9550 8836 218 2275 2306 7885 7341
28 8299 7574 1983 1499 1260 7158 2591 2499 5090 5659 4281 5106 8345 5808 99 1876 4893 5357 72 5469 118 2503 3688 4746 6901 4592 1533 2791
28 8502 6931 7689 4436 6677 9489 7110 2158 8700 2230 7466 5791 1280 1553 9609 2206 9596 4752 1426 3365 5684 1529 1546 2393 5907 321 4339 9154
28 9742 1893 8565 9702 9520 8651 319 9725 5861 5189 1899 2897 1262 1223 6448 5827 52 3088 8303 3964 9684 8287 5380 787 641 2487 1522 9510
28 558 6152 9227 4966 2841 6746 308 4452 1326 3229 2260 4212 5259 2967 1830 6432 9659 5186 3569 6870 1388 7567 6289 2990 6503 4237 1851 9204
28 4065 4390 9131 6509 2013 1165 5167 4205 6740 5366 7328 4914 9490 2551 8422 449 8319 4453 1619 1992 4041 9486 1811 9170 9778 3664 6969 3748
28 2146 8523 8513 9079 5086 5126 851 2322 9499 6606 7122 5018 1321 7112 6100 5622 4310 1741 7783 7571 8071 1989 808 889 9947 9723 6830 6413
